2016-05-03 03:39:13 [2@VGODOY-LAPTOP]
An email to seducla@ucla.edu.ve was added to queue: [GLPI] New project Chequeo Inventario Decanatos 001
2016-05-03 03:39:13 [2@VGODOY-LAPTOP]
An email to mayepez89@gmail.com was added to queue: [GLPI] New project Chequeo Inventario Decanatos 001
2016-05-03 04:30:11 [2@VGODOY-LAPTOP]
Correo de seguimiento enviado a seducla@ucla.edu.ve: [GLPI] New project Chequeo Inventario Decanatos 001
2016-05-03 04:30:12 [2@VGODOY-LAPTOP]
Correo de seguimiento enviado a mayepez89@gmail.com: [GLPI] New project Chequeo Inventario Decanatos 001
2016-05-13 19:24:29 [@VGODOY-LAPTOP]
An email to seducla.ead@gmail.com was added to queue: [GLPI] Monitor de acciones automáticas
2016-05-13 19:28:10 [@VGODOY-LAPTOP]
Correo de seguimiento enviado a seducla.ead@gmail.com: [GLPI] Monitor de acciones automáticas
2016-05-17 20:20:46 [10@VGODOY-LAPTOP]
An email to seducla.ead@gmail.com was added to queue: [GLPI #0000013] Nuevo reporte No enciende
2016-05-17 20:20:46 [10@VGODOY-LAPTOP]
An email to seducla.dcv@ucla.edu.ve was added to queue: [GLPI #0000013] Nuevo reporte No enciende
2016-05-17 20:22:44 [2@VGODOY-LAPTOP]
Un correo para seducla.ead@gmail.com fue añadido a la cola: [GLPI #0000010] Borrado de un reporte Teclado 00360094
2016-05-17 20:24:11 [2@VGODOY-LAPTOP]
Un correo para seducla.ead@gmail.com fue añadido a la cola: [GLPI #0000013] Update of a ticket No enciende
2016-05-17 20:24:11 [2@VGODOY-LAPTOP]
Un correo para seducla@ucla.edu.ve fue añadido a la cola: [GLPI #0000013] Actualización de un incidente No enciende
2016-05-17 20:24:11 [2@VGODOY-LAPTOP]
Un correo para seducla.dcv@ucla.edu.ve fue añadido a la cola: [GLPI #0000013] Update of a ticket No enciende
2016-05-17 20:24:17 [2@VGODOY-LAPTOP]
Un correo para seducla.ead@gmail.com fue añadido a la cola: [GLPI #0000013] Update of a ticket No enciende
2016-05-17 20:24:17 [2@VGODOY-LAPTOP]
Un correo para seducla.dcv@ucla.edu.ve fue añadido a la cola: [GLPI #0000013] Update of a ticket No enciende
2016-05-17 20:28:02 [2@VGODOY-LAPTOP]
Un correo para seducla.ead@gmail.com fue añadido a la cola: [GLPI #0000013] Update of a ticket No enciende
2016-05-17 20:28:02 [2@VGODOY-LAPTOP]
Un correo para seducla.dcv@ucla.edu.ve fue añadido a la cola: [GLPI #0000013] Update of a ticket No enciende
2016-05-17 20:28:09 [@VGODOY-LAPTOP]
An email to seducla.ead@gmail.com was added to queue: [GLPI] Monitor de acciones automáticas
2016-05-17 20:44:24 [2@VGODOY-LAPTOP]
Un correo para seducla.ead@gmail.com fue añadido a la cola: [GLPI #0000011] Update of a ticket Fallas Varias
2016-05-17 20:44:34 [2@VGODOY-LAPTOP]
Un correo para seducla.ead@gmail.com fue añadido a la cola: [GLPI #0000011] Update of a ticket Fallas Varias
2016-05-17 20:44:34 [2@VGODOY-LAPTOP]
Un correo para susan@ucla.edu.ve fue añadido a la cola: [GLPI #0000011] Actualización de un incidente Fallas Varias
2016-05-17 20:45:39 [2@VGODOY-LAPTOP]
Un correo para seducla.ead@gmail.com fue añadido a la cola: [GLPI #0000011] Update of a ticket Fallas Varias
2016-05-17 20:45:39 [2@VGODOY-LAPTOP]
Un correo para susan@ucla.edu.ve fue añadido a la cola: [GLPI #0000011] Actualización de un incidente Fallas Varias
2016-05-17 20:45:39 [2@VGODOY-LAPTOP]
Un correo para seducla@ucla.edu.ve fue añadido a la cola: [GLPI #0000011] Update of a ticket Fallas Varias
2016-05-17 20:46:08 [2@VGODOY-LAPTOP]
Un correo para seducla.ead@gmail.com fue añadido a la cola: [GLPI #0000013] Update of a ticket No enciende
2016-05-17 20:46:08 [2@VGODOY-LAPTOP]
Un correo para susan@ucla.edu.ve fue añadido a la cola: [GLPI #0000013] Actualización de un incidente No enciende
2016-05-17 20:46:08 [2@VGODOY-LAPTOP]
Un correo para seducla.dcv@ucla.edu.ve fue añadido a la cola: [GLPI #0000013] Update of a ticket No enciende
2016-05-17 20:48:33 [@VGODOY-LAPTOP]
Correo de seguimiento enviado a seducla.ead@gmail.com: [GLPI #0000010] Borrado de un reporte Teclado 00360094
2016-05-17 20:48:33 [@VGODOY-LAPTOP]
Correo de seguimiento enviado a seducla@ucla.edu.ve: [GLPI #0000013] Actualización de un incidente No enciende
2016-05-17 20:48:33 [@VGODOY-LAPTOP]
Correo de seguimiento enviado a seducla.ead@gmail.com: [GLPI] Monitor de acciones automáticas
2016-05-17 20:48:34 [@VGODOY-LAPTOP]
Correo de seguimiento enviado a seducla.ead@gmail.com: [GLPI #0000011] Update of a ticket Fallas Varias
2016-05-17 20:48:34 [@VGODOY-LAPTOP]
Correo de seguimiento enviado a susan@ucla.edu.ve: [GLPI #0000011] Actualización de un incidente Fallas Varias
2016-05-17 20:48:34 [@VGODOY-LAPTOP]
Correo de seguimiento enviado a seducla@ucla.edu.ve: [GLPI #0000011] Update of a ticket Fallas Varias
2016-05-17 20:48:34 [@VGODOY-LAPTOP]
Correo de seguimiento enviado a seducla.ead@gmail.com: [GLPI #0000013] Update of a ticket No enciende
2016-05-17 20:48:34 [@VGODOY-LAPTOP]
Correo de seguimiento enviado a seducla.dcv@ucla.edu.ve: [GLPI #0000013] Update of a ticket No enciende
2016-05-17 20:48:34 [@VGODOY-LAPTOP]
Correo de seguimiento enviado a susan@ucla.edu.ve: [GLPI #0000013] Actualización de un incidente No enciende
2016-05-17 20:52:56 [4@VGODOY-LAPTOP]
Un correo para seducla.ead@gmail.com fue añadido a la cola: [GLPI #0000013] Cierre de un reporte No enciende
2016-05-17 20:52:56 [4@VGODOY-LAPTOP]
Un correo para seducla.dcv@ucla.edu.ve fue añadido a la cola: [GLPI #0000013] Cierre de un reporte No enciende
2016-05-17 20:54:58 [2@VGODOY-LAPTOP]
Un correo para seducla.ead@gmail.com fue añadido a la cola: [GLPI #0000013] Update of a ticket No enciende
2016-05-17 20:54:58 [2@VGODOY-LAPTOP]
Un correo para susan@ucla.edu.ve fue añadido a la cola: [GLPI #0000013] Actualización de un incidente No enciende
2016-05-17 20:54:58 [2@VGODOY-LAPTOP]
Un correo para seducla.dcv@ucla.edu.ve fue añadido a la cola: [GLPI #0000013] Update of a ticket No enciende
2016-05-17 20:55:07 [@VGODOY-LAPTOP]
Correo de seguimiento enviado a seducla.ead@gmail.com: [GLPI #0000013] Update of a ticket No enciende
2016-05-17 20:55:07 [@VGODOY-LAPTOP]
Correo de seguimiento enviado a susan@ucla.edu.ve: [GLPI #0000013] Actualización de un incidente No enciende
2016-05-17 20:55:07 [@VGODOY-LAPTOP]
Correo de seguimiento enviado a seducla.dcv@ucla.edu.ve: [GLPI #0000013] Update of a ticket No enciende
2016-05-17 20:56:34 [4@VGODOY-LAPTOP]
Un correo para seducla.ead@gmail.com fue añadido a la cola: [GLPI #0000013] Nueva tarea No enciende
2016-05-17 20:56:34 [4@VGODOY-LAPTOP]
Un correo para seducla.dcv@ucla.edu.ve fue añadido a la cola: [GLPI #0000013] Nueva tarea No enciende
2016-05-17 20:57:29 [@VGODOY-LAPTOP]
Correo de seguimiento enviado a seducla.ead@gmail.com: [GLPI #0000013] Nueva tarea No enciende
2016-05-17 20:57:29 [@VGODOY-LAPTOP]
Correo de seguimiento enviado a seducla.dcv@ucla.edu.ve: [GLPI #0000013] Nueva tarea No enciende
2016-05-23 12:54:41 [@VGODOY-LAPTOP]
An email to seducla.ead@gmail.com was added to queue: [GLPI] Monitor de acciones automáticas
2016-05-23 12:54:43 [@VGODOY-LAPTOP]
Correo de seguimiento enviado a seducla.ead@gmail.com: [GLPI] Monitor de acciones automáticas
2016-05-23 12:55:40 [8@VGODOY-LAPTOP]
An email to seducla.ead@gmail.com was added to queue: [GLPI #0000014] Nuevo reporte Imprime con rayas
2016-05-23 12:55:40 [8@VGODOY-LAPTOP]
An email to seducla.dcyt@ucla.edu.ve was added to queue: [GLPI #0000014] Nuevo reporte Imprime con rayas
2016-05-23 12:55:40 [8@VGODOY-LAPTOP]
Correo de seguimiento enviado a seducla.ead@gmail.com: [GLPI #0000014] Nuevo reporte Imprime con rayas
2016-05-23 12:55:40 [8@VGODOY-LAPTOP]
Correo de seguimiento enviado a seducla.dcyt@ucla.edu.ve: [GLPI #0000014] Nuevo reporte Imprime con rayas
2016-05-23 12:56:40 [8@VGODOY-LAPTOP]
An email to seducla.ead@gmail.com was added to queue: [GLPI #0000015] Nuevo reporte Papel atascado
2016-05-23 12:56:40 [8@VGODOY-LAPTOP]
An email to seducla.dcyt@ucla.edu.ve was added to queue: [GLPI #0000015] Nuevo reporte Papel atascado
2016-05-23 12:56:40 [8@VGODOY-LAPTOP]
Correo de seguimiento enviado a seducla.ead@gmail.com: [GLPI #0000015] Nuevo reporte Papel atascado
2016-05-23 12:56:40 [8@VGODOY-LAPTOP]
Correo de seguimiento enviado a seducla.dcyt@ucla.edu.ve: [GLPI #0000015] Nuevo reporte Papel atascado
2016-05-23 12:56:55 [8@VGODOY-LAPTOP]
An email to seducla.ead@gmail.com was added to queue: [GLPI #0000014] Update of a ticket Imprime con rayas
2016-05-23 12:56:55 [8@VGODOY-LAPTOP]
An email to seducla.dcyt@ucla.edu.ve was added to queue: [GLPI #0000014] Update of a ticket Imprime con rayas
2016-05-23 12:56:55 [8@VGODOY-LAPTOP]
Correo de seguimiento enviado a seducla.ead@gmail.com: [GLPI #0000014] Update of a ticket Imprime con rayas
2016-05-23 12:56:55 [8@VGODOY-LAPTOP]
Correo de seguimiento enviado a seducla.dcyt@ucla.edu.ve: [GLPI #0000014] Update of a ticket Imprime con rayas
2016-05-26 10:30:57 [@VGODOY-LAPTOP]
An email to seducla.ead@gmail.com was added to queue: [GLPI] Monitor de acciones automáticas
2016-05-26 10:30:59 [@VGODOY-LAPTOP]
Correo de seguimiento enviado a seducla.ead@gmail.com: [GLPI] Monitor de acciones automáticas
2016-05-27 11:28:18 [@VGODOY-LAPTOP]
An email to seducla.ead@gmail.com was added to queue: [GLPI] Monitor de acciones automáticas
2016-05-27 11:28:20 [@VGODOY-LAPTOP]
Correo de seguimiento enviado a seducla.ead@gmail.com: [GLPI] Monitor de acciones automáticas
2016-06-06 15:01:07 [15@VGODOY-LAPTOP]
Un correo para seducla.ead@gmail.com fue añadido a la cola: [GLPI] Monitor de acciones automáticas
2016-06-06 15:01:09 [15@VGODOY-LAPTOP]
Se envió un correo a seducla.ead@gmail.com: [GLPI] Monitor de acciones automáticas
2016-06-10 11:55:19 [@VGODOY-LAPTOP]
An email to seducla.ead@gmail.com was added to queue: [GLPI] Monitor de acciones automáticas
2016-06-10 11:55:20 [@VGODOY-LAPTOP]
Correo de seguimiento enviado a seducla.ead@gmail.com: [GLPI] Monitor de acciones automáticas
2016-07-25 09:48:09 [@VGODOY-LAPTOP]
An email to seducla.ead@gmail.com was added to queue: [GLPI] Monitor de acciones automáticas
2016-07-25 09:48:10 [@VGODOY-LAPTOP]
Correo de seguimiento enviado a seducla.ead@gmail.com: [GLPI] Monitor de acciones automáticas
2016-07-25 09:55:02 [2@VGODOY-LAPTOP]
Un correo para seducla@ucla.edu.ve fue añadido a la cola: [GLPI] Nuevo proyecto Inspeccion a Coordinaciones 
2016-07-25 09:55:02 [2@VGODOY-LAPTOP]
Un correo para seducla.ead@gmail.com fue añadido a la cola: [GLPI] New project Inspeccion a Coordinaciones 
2016-07-25 09:56:24 [2@VGODOY-LAPTOP]
Un correo para seducla.ead@gmail.com fue añadido a la cola: [GLPI] New project task DCEE
2016-07-25 10:02:47 [2@VGODOY-LAPTOP]
Se envió un correo a seducla.ead@gmail.com: [GLPI] New project Inspeccion a Coordinaciones 
2016-07-25 10:02:48 [2@VGODOY-LAPTOP]
Se envió un correo a seducla@ucla.edu.ve: [GLPI] Nuevo proyecto Inspeccion a Coordinaciones 
2016-07-25 10:02:48 [2@VGODOY-LAPTOP]
Se envió un correo a seducla.ead@gmail.com: [GLPI] New project task DCEE
2016-07-26 08:59:11 [6@VGODOY-LAPTOP]
An email to seducla.ead@gmail.com was added to queue: [GLPI #0000016] Nuevo reporte Suena el disco Duro
2016-07-26 08:59:11 [6@VGODOY-LAPTOP]
An email to seducla.dcs@ucla.edu.ve was added to queue: [GLPI #0000016] Nuevo reporte Suena el disco Duro
2016-07-26 08:59:12 [6@VGODOY-LAPTOP]
Correo de seguimiento enviado a seducla.ead@gmail.com: [GLPI #0000016] Nuevo reporte Suena el disco Duro
2016-07-26 08:59:12 [6@VGODOY-LAPTOP]
Correo de seguimiento enviado a seducla.dcs@ucla.edu.ve: [GLPI #0000016] Nuevo reporte Suena el disco Duro
2016-07-26 09:02:01 [2@VGODOY-LAPTOP]
Un correo para seducla.ead@gmail.com fue añadido a la cola: [GLPI #0000016] Update of a ticket Suena el disco Duro
2016-07-26 09:02:01 [2@VGODOY-LAPTOP]
Un correo para susan@ucla.edu.ve fue añadido a la cola: [GLPI #0000016] Actualización de un incidente Suena el disco Duro
2016-07-26 09:02:01 [2@VGODOY-LAPTOP]
Un correo para seducla.dcs@ucla.edu.ve fue añadido a la cola: [GLPI #0000016] Update of a ticket Suena el disco Duro
2016-07-26 09:02:01 [2@VGODOY-LAPTOP]
Se envió un correo a seducla.ead@gmail.com: [GLPI #0000016] Update of a ticket Suena el disco Duro
2016-07-26 09:02:01 [2@VGODOY-LAPTOP]
Se envió un correo a susan@ucla.edu.ve: [GLPI #0000016] Actualización de un incidente Suena el disco Duro
2016-07-26 09:02:01 [2@VGODOY-LAPTOP]
Se envió un correo a seducla.dcs@ucla.edu.ve: [GLPI #0000016] Update of a ticket Suena el disco Duro
2016-07-26 10:00:55 [4@VGODOY-LAPTOP]
Un correo para seducla.ead@gmail.com fue añadido a la cola: [GLPI #0000016] Reporte resuelto Suena el disco Duro
2016-07-26 10:00:55 [4@VGODOY-LAPTOP]
Un correo para seducla.dcs@ucla.edu.ve fue añadido a la cola: [GLPI #0000016] Reporte resuelto Suena el disco Duro
2016-07-26 10:00:55 [4@VGODOY-LAPTOP]
Se envió un correo a seducla.ead@gmail.com: [GLPI #0000016] Reporte resuelto Suena el disco Duro
2016-07-26 10:00:55 [4@VGODOY-LAPTOP]
Se envió un correo a seducla.dcs@ucla.edu.ve: [GLPI #0000016] Reporte resuelto Suena el disco Duro
2016-07-26 10:48:31 [2@VGODOY-LAPTOP]
Un correo para seducla.ead@gmail.com fue añadido a la cola: [GLPI] Monitor de acciones automáticas
2016-07-26 10:48:31 [2@VGODOY-LAPTOP]
Se envió un correo a seducla.ead@gmail.com: [GLPI] Monitor de acciones automáticas
2016-07-26 12:01:06 [6@VGODOY-LAPTOP]
Un correo para seducla.ead@gmail.com fue añadido a la cola: [GLPI #0000017] Nuevo reporte No enciende
2016-07-26 12:01:06 [6@VGODOY-LAPTOP]
Un correo para seducla.dcs@ucla.edu.ve fue añadido a la cola: [GLPI #0000017] Nuevo incidente No enciende
2016-07-26 12:01:07 [6@VGODOY-LAPTOP]
Se envió un correo a seducla.ead@gmail.com: [GLPI #0000017] Nuevo reporte No enciende
2016-07-26 12:01:07 [6@VGODOY-LAPTOP]
Se envió un correo a seducla.dcs@ucla.edu.ve: [GLPI #0000017] Nuevo incidente No enciende
2016-07-26 12:01:55 [2@VGODOY-LAPTOP]
Un correo para seducla.ead@gmail.com fue añadido a la cola: [GLPI #0000017] Update of a ticket No enciende
2016-07-26 12:01:55 [2@VGODOY-LAPTOP]
Un correo para susan@ucla.edu.ve fue añadido a la cola: [GLPI #0000017] Actualización de un incidente No enciende
2016-07-26 12:01:55 [2@VGODOY-LAPTOP]
Un correo para seducla.dcs@ucla.edu.ve fue añadido a la cola: [GLPI #0000017] Actualización de un incidente No enciende
2016-07-26 12:01:55 [2@VGODOY-LAPTOP]
Se envió un correo a seducla.ead@gmail.com: [GLPI #0000017] Update of a ticket No enciende
2016-07-26 12:01:56 [2@VGODOY-LAPTOP]
Se envió un correo a susan@ucla.edu.ve: [GLPI #0000017] Actualización de un incidente No enciende
2016-07-26 12:01:56 [2@VGODOY-LAPTOP]
Se envió un correo a seducla.dcs@ucla.edu.ve: [GLPI #0000017] Actualización de un incidente No enciende
2016-07-26 12:03:22 [4@VGODOY-LAPTOP]
Un correo para seducla.ead@gmail.com fue añadido a la cola: [GLPI #0000017] Nueva tarea No enciende
2016-07-26 12:03:22 [4@VGODOY-LAPTOP]
Un correo para seducla.dcs@ucla.edu.ve fue añadido a la cola: [GLPI #0000017] Nueva tarea No enciende
2016-07-26 12:03:29 [@VGODOY-LAPTOP]
Correo de seguimiento enviado a seducla.ead@gmail.com: [GLPI #0000017] Nueva tarea No enciende
2016-07-26 12:03:29 [@VGODOY-LAPTOP]
Correo de seguimiento enviado a seducla.dcs@ucla.edu.ve: [GLPI #0000017] Nueva tarea No enciende
2016-07-26 13:18:35 [6@VGODOY-LAPTOP]
Un correo para seducla.ead@gmail.com fue añadido a la cola: [GLPI #0000018] Nuevo reporte NO ENCIENDE
2016-07-26 13:18:35 [6@VGODOY-LAPTOP]
Un correo para seducla.dcs@ucla.edu.ve fue añadido a la cola: [GLPI #0000018] Nuevo incidente NO ENCIENDE
2016-07-26 13:18:35 [6@VGODOY-LAPTOP]
Se envió un correo a seducla.ead@gmail.com: [GLPI #0000018] Nuevo reporte NO ENCIENDE
2016-07-26 13:18:35 [6@VGODOY-LAPTOP]
Se envió un correo a seducla.dcs@ucla.edu.ve: [GLPI #0000018] Nuevo incidente NO ENCIENDE
2016-07-26 13:19:32 [2@VGODOY-LAPTOP]
Un correo para seducla.ead@gmail.com fue añadido a la cola: [GLPI #0000018] Update of a ticket NO ENCIENDE
2016-07-26 13:19:32 [2@VGODOY-LAPTOP]
Un correo para susan@ucla.edu.ve fue añadido a la cola: [GLPI #0000018] Actualización de un incidente NO ENCIENDE
2016-07-26 13:19:32 [2@VGODOY-LAPTOP]
Un correo para seducla.dcs@ucla.edu.ve fue añadido a la cola: [GLPI #0000018] Actualización de un incidente NO ENCIENDE
2016-07-26 13:19:32 [2@VGODOY-LAPTOP]
Se envió un correo a seducla.ead@gmail.com: [GLPI #0000018] Update of a ticket NO ENCIENDE
2016-07-26 13:19:32 [2@VGODOY-LAPTOP]
Se envió un correo a susan@ucla.edu.ve: [GLPI #0000018] Actualización de un incidente NO ENCIENDE
2016-07-26 13:19:32 [2@VGODOY-LAPTOP]
Se envió un correo a seducla.dcs@ucla.edu.ve: [GLPI #0000018] Actualización de un incidente NO ENCIENDE
2016-07-26 13:20:54 [6@VGODOY-LAPTOP]
Un correo para seducla.ead@gmail.com fue añadido a la cola: [GLPI #0000019] Nuevo reporte No enciende
2016-07-26 13:20:54 [6@VGODOY-LAPTOP]
Un correo para seducla.dcs@ucla.edu.ve fue añadido a la cola: [GLPI #0000019] Nuevo incidente No enciende
2016-07-26 13:20:55 [6@VGODOY-LAPTOP]
Se envió un correo a seducla.ead@gmail.com: [GLPI #0000019] Nuevo reporte No enciende
2016-07-26 13:20:55 [6@VGODOY-LAPTOP]
Se envió un correo a seducla.dcs@ucla.edu.ve: [GLPI #0000019] Nuevo incidente No enciende
2016-07-26 13:21:17 [2@VGODOY-LAPTOP]
Un correo para seducla.ead@gmail.com fue añadido a la cola: [GLPI #0000019] Update of a ticket No enciende
2016-07-26 13:21:17 [2@VGODOY-LAPTOP]
Un correo para susan@ucla.edu.ve fue añadido a la cola: [GLPI #0000019] Actualización de un incidente No enciende
2016-07-26 13:21:17 [2@VGODOY-LAPTOP]
Un correo para seducla.dcs@ucla.edu.ve fue añadido a la cola: [GLPI #0000019] Actualización de un incidente No enciende
2016-07-26 13:21:17 [2@VGODOY-LAPTOP]
Se envió un correo a seducla.ead@gmail.com: [GLPI #0000019] Update of a ticket No enciende
2016-07-26 13:21:17 [2@VGODOY-LAPTOP]
Se envió un correo a susan@ucla.edu.ve: [GLPI #0000019] Actualización de un incidente No enciende
2016-07-26 13:21:17 [2@VGODOY-LAPTOP]
Se envió un correo a seducla.dcs@ucla.edu.ve: [GLPI #0000019] Actualización de un incidente No enciende
2016-07-26 13:23:04 [4@VGODOY-LAPTOP]
Un correo para seducla.ead@gmail.com fue añadido a la cola: [GLPI #0000019] Nueva tarea No enciende
2016-07-26 13:23:04 [4@VGODOY-LAPTOP]
Un correo para seducla.dcs@ucla.edu.ve fue añadido a la cola: [GLPI #0000019] Nueva tarea No enciende
2016-07-26 13:23:22 [@VGODOY-LAPTOP]
Correo de seguimiento enviado a seducla.ead@gmail.com: [GLPI #0000019] Nueva tarea No enciende
2016-07-26 13:23:22 [@VGODOY-LAPTOP]
Correo de seguimiento enviado a seducla.dcs@ucla.edu.ve: [GLPI #0000019] Nueva tarea No enciende
2016-07-27 10:40:22 [7@VGODOY-LAPTOP]
An email to seducla.ead@gmail.com was added to queue: [GLPI #0000020] Nuevo reporte Pantalla Gris
2016-07-27 10:40:22 [7@VGODOY-LAPTOP]
An email to seducla.dac@ucla.edu.ve was added to queue: [GLPI #0000020] Nuevo reporte Pantalla Gris
2016-07-27 10:40:24 [7@VGODOY-LAPTOP]
Correo de seguimiento enviado a seducla.ead@gmail.com: [GLPI #0000020] Nuevo reporte Pantalla Gris
2016-07-27 10:40:24 [7@VGODOY-LAPTOP]
Correo de seguimiento enviado a seducla.dac@ucla.edu.ve: [GLPI #0000020] Nuevo reporte Pantalla Gris
2016-07-27 10:43:45 [2@VGODOY-LAPTOP]
Un correo para seducla.ead@gmail.com fue añadido a la cola: [GLPI #0000020] Update of a ticket Pantalla Gris
2016-07-27 10:43:45 [2@VGODOY-LAPTOP]
Un correo para susan@ucla.edu.ve fue añadido a la cola: [GLPI #0000020] Actualización de un incidente Pantalla Gris
2016-07-27 10:43:45 [2@VGODOY-LAPTOP]
Un correo para seducla.dac@ucla.edu.ve fue añadido a la cola: [GLPI #0000020] Update of a ticket Pantalla Gris
2016-07-27 10:43:45 [2@VGODOY-LAPTOP]
Se envió un correo a seducla.ead@gmail.com: [GLPI #0000020] Update of a ticket Pantalla Gris
2016-07-27 10:43:45 [2@VGODOY-LAPTOP]
Se envió un correo a susan@ucla.edu.ve: [GLPI #0000020] Actualización de un incidente Pantalla Gris
2016-07-27 10:43:45 [2@VGODOY-LAPTOP]
Se envió un correo a seducla.dac@ucla.edu.ve: [GLPI #0000020] Update of a ticket Pantalla Gris
2016-07-27 10:46:09 [4@VGODOY-LAPTOP]
Un correo para seducla.ead@gmail.com fue añadido a la cola: [GLPI #0000020] Nueva tarea Pantalla Gris
2016-07-27 10:46:09 [4@VGODOY-LAPTOP]
Un correo para seducla.dac@ucla.edu.ve fue añadido a la cola: [GLPI #0000020] Nueva tarea Pantalla Gris
2016-07-27 11:15:24 [2@VGODOY-LAPTOP]
Se envió un correo a seducla.ead@gmail.com: [GLPI #0000020] Nueva tarea Pantalla Gris
2016-07-27 11:15:24 [2@VGODOY-LAPTOP]
Se envió un correo a seducla.dac@ucla.edu.ve: [GLPI #0000020] Nueva tarea Pantalla Gris
2016-07-27 11:20:48 [2@VGODOY-LAPTOP]
Un correo para seducla.ead@gmail.com fue añadido a la cola: [GLPI] Monitor de acciones automáticas
2016-07-27 11:20:48 [2@VGODOY-LAPTOP]
Se envió un correo a seducla.ead@gmail.com: [GLPI] Monitor de acciones automáticas
2016-09-22 10:39:01 [@VGODOY-LAPTOP]
An email to seducla.ead@gmail.com was added to queue: [GLPI] Monitor de acciones automáticas
2016-09-22 10:39:02 [@VGODOY-LAPTOP]
Correo de seguimiento enviado a seducla.ead@gmail.com: [GLPI] Monitor de acciones automáticas
2016-11-11 14:05:53 [2@VGODOY-LAPTOP]
Un correo para seducla.ead@gmail.com fue añadido a la cola: [GLPI #0000016] Cierre de un reporte Suena el disco Duro
2016-11-11 14:05:53 [2@VGODOY-LAPTOP]
Un correo para seducla.dcs@ucla.edu.ve fue añadido a la cola: [GLPI #0000016] Cierre del incidente Suena el disco Duro
2016-11-11 14:05:56 [2@VGODOY-LAPTOP]
Se envió un correo a seducla.ead@gmail.com: [GLPI #0000016] Cierre de un reporte Suena el disco Duro
2016-11-11 14:05:56 [2@VGODOY-LAPTOP]
Se envió un correo a seducla.dcs@ucla.edu.ve: [GLPI #0000016] Cierre del incidente Suena el disco Duro
2016-11-17 09:26:39 [@VGODOY-LAPTOP]
An email to seducla.ead@gmail.com was added to queue: [GLPI] Monitor de acciones automáticas
2016-11-17 09:26:40 [@VGODOY-LAPTOP]
Correo de seguimiento enviado a seducla.ead@gmail.com: [GLPI] Monitor de acciones automáticas
2017-01-10 11:44:03 [2@VGODOY-LAPTOP]
Un correo para seducla.ead@gmail.com fue añadido a la cola: [GLPI] Monitor de acciones automáticas
2017-01-10 11:44:04 [2@VGODOY-LAPTOP]
Se envió un correo a seducla.ead@gmail.com: [GLPI] Monitor de acciones automáticas
2017-03-18 09:24:49 [@winder-VirtualBox]
An email to seducla.ead@gmail.com was added to queue: [GLPI] Monitor de acciones automáticas
