2016-04-28 20:25:54 [@VGODOY-LAPTOP]
0 seconds for "Change of the database layout - glpi_softwarelicenses" @ 2016-04-28 20:25:54 [@VGODOY-LAPTOP]
0 seconds for "Proceso terminado" @ 2016-04-28 20:25:54 [@VGODOY-LAPTOP]
0 seconds for "optimize - Principio" @ 2016-04-28 20:25:54 [@VGODOY-LAPTOP]
0 seconds for "optimize - glpi_alerts" @ 2016-04-28 20:25:54 [@VGODOY-LAPTOP]
0 seconds for "optimize - glpi_authldapreplicates" @ 2016-04-28 20:25:54 [@VGODOY-LAPTOP]
0 seconds for "optimize - glpi_authldaps" @ 2016-04-28 20:25:54 [@VGODOY-LAPTOP]
0 seconds for "optimize - glpi_authmails" @ 2016-04-28 20:25:54 [@VGODOY-LAPTOP]
0 seconds for "optimize - glpi_autoupdatesystems" @ 2016-04-28 20:25:54 [@VGODOY-LAPTOP]
0 seconds for "optimize - glpi_blacklistedmailcontents" @ 2016-04-28 20:25:54 [@VGODOY-LAPTOP]
0 seconds for "optimize - glpi_blacklists" @ 2016-04-28 20:25:55 [@VGODOY-LAPTOP]
1 second for "optimize - glpi_bookmarks" @ 2016-04-28 20:25:55 [@VGODOY-LAPTOP]
0 seconds for "optimize - glpi_bookmarks_users" @ 2016-04-28 20:25:55 [@VGODOY-LAPTOP]
0 seconds for "optimize - glpi_budgets" @ 2016-04-28 20:25:55 [@VGODOY-LAPTOP]
0 seconds for "optimize - glpi_calendars" @ 2016-04-28 20:25:55 [@VGODOY-LAPTOP]
0 seconds for "optimize - glpi_calendars_holidays" @ 2016-04-28 20:25:55 [@VGODOY-LAPTOP]
0 seconds for "optimize - glpi_calendarsegments" @ 2016-04-28 20:25:55 [@VGODOY-LAPTOP]
0 seconds for "optimize - glpi_cartridgeitems" @ 2016-04-28 20:25:55 [@VGODOY-LAPTOP]
0 seconds for "optimize - glpi_cartridgeitems_printermodels" @ 2016-04-28 20:25:55 [@VGODOY-LAPTOP]
0 seconds for "optimize - glpi_cartridgeitemtypes" @ 2016-04-28 20:25:55 [@VGODOY-LAPTOP]
0 seconds for "optimize - glpi_cartridges" @ 2016-04-28 20:25:55 [@VGODOY-LAPTOP]
0 seconds for "optimize - glpi_changecosts" @ 2016-04-28 20:25:55 [@VGODOY-LAPTOP]
0 seconds for "optimize - glpi_changes" @ 2016-04-28 20:25:55 [@VGODOY-LAPTOP]
0 seconds for "optimize - glpi_changes_groups" @ 2016-04-28 20:25:55 [@VGODOY-LAPTOP]
0 seconds for "optimize - glpi_changes_items" @ 2016-04-28 20:25:55 [@VGODOY-LAPTOP]
0 seconds for "optimize - glpi_changes_problems" @ 2016-04-28 20:25:55 [@VGODOY-LAPTOP]
0 seconds for "optimize - glpi_changes_projects" @ 2016-04-28 20:25:55 [@VGODOY-LAPTOP]
0 seconds for "optimize - glpi_changes_suppliers" @ 2016-04-28 20:25:55 [@VGODOY-LAPTOP]
0 seconds for "optimize - glpi_changes_tickets" @ 2016-04-28 20:25:55 [@VGODOY-LAPTOP]
0 seconds for "optimize - glpi_changes_users" @ 2016-04-28 20:25:55 [@VGODOY-LAPTOP]
0 seconds for "optimize - glpi_changetasks" @ 2016-04-28 20:25:55 [@VGODOY-LAPTOP]
0 seconds for "optimize - glpi_changevalidations" @ 2016-04-28 20:25:55 [@VGODOY-LAPTOP]
0 seconds for "optimize - glpi_computerdisks" @ 2016-04-28 20:25:55 [@VGODOY-LAPTOP]
0 seconds for "optimize - glpi_computermodels" @ 2016-04-28 20:25:55 [@VGODOY-LAPTOP]
0 seconds for "optimize - glpi_computers" @ 2016-04-28 20:25:55 [@VGODOY-LAPTOP]
0 seconds for "optimize - glpi_computers_items" @ 2016-04-28 20:25:55 [@VGODOY-LAPTOP]
0 seconds for "optimize - glpi_computers_softwarelicenses" @ 2016-04-28 20:25:55 [@VGODOY-LAPTOP]
0 seconds for "optimize - glpi_computers_softwareversions" @ 2016-04-28 20:25:55 [@VGODOY-LAPTOP]
0 seconds for "optimize - glpi_computertypes" @ 2016-04-28 20:25:55 [@VGODOY-LAPTOP]
0 seconds for "optimize - glpi_computervirtualmachines" @ 2016-04-28 20:25:55 [@VGODOY-LAPTOP]
0 seconds for "optimize - glpi_configs" @ 2016-04-28 20:25:55 [@VGODOY-LAPTOP]
0 seconds for "optimize - glpi_consumableitems" @ 2016-04-28 20:25:55 [@VGODOY-LAPTOP]
0 seconds for "optimize - glpi_consumableitemtypes" @ 2016-04-28 20:25:55 [@VGODOY-LAPTOP]
0 seconds for "optimize - glpi_consumables" @ 2016-04-28 20:25:55 [@VGODOY-LAPTOP]
0 seconds for "optimize - glpi_contacts" @ 2016-04-28 20:25:55 [@VGODOY-LAPTOP]
0 seconds for "optimize - glpi_contacts_suppliers" @ 2016-04-28 20:25:55 [@VGODOY-LAPTOP]
0 seconds for "optimize - glpi_contacttypes" @ 2016-04-28 20:25:55 [@VGODOY-LAPTOP]
0 seconds for "optimize - glpi_contractcosts" @ 2016-04-28 20:25:55 [@VGODOY-LAPTOP]
0 seconds for "optimize - glpi_contracts" @ 2016-04-28 20:25:55 [@VGODOY-LAPTOP]
0 seconds for "optimize - glpi_contracts_items" @ 2016-04-28 20:25:55 [@VGODOY-LAPTOP]
0 seconds for "optimize - glpi_contracts_suppliers" @ 2016-04-28 20:25:55 [@VGODOY-LAPTOP]
0 seconds for "optimize - glpi_contracttypes" @ 2016-04-28 20:25:55 [@VGODOY-LAPTOP]
0 seconds for "optimize - glpi_crontasklogs" @ 2016-04-28 20:25:55 [@VGODOY-LAPTOP]
0 seconds for "optimize - glpi_crontasks" @ 2016-04-28 20:25:55 [@VGODOY-LAPTOP]
0 seconds for "optimize - glpi_devicecases" @ 2016-04-28 20:25:55 [@VGODOY-LAPTOP]
0 seconds for "optimize - glpi_devicecasetypes" @ 2016-04-28 20:25:55 [@VGODOY-LAPTOP]
0 seconds for "optimize - glpi_devicecontrols" @ 2016-04-28 20:25:55 [@VGODOY-LAPTOP]
0 seconds for "optimize - glpi_devicedrives" @ 2016-04-28 20:25:55 [@VGODOY-LAPTOP]
0 seconds for "optimize - glpi_devicegraphiccards" @ 2016-04-28 20:25:55 [@VGODOY-LAPTOP]
0 seconds for "optimize - glpi_deviceharddrives" @ 2016-04-28 20:25:55 [@VGODOY-LAPTOP]
0 seconds for "optimize - glpi_devicememories" @ 2016-04-28 20:25:55 [@VGODOY-LAPTOP]
0 seconds for "optimize - glpi_devicememorytypes" @ 2016-04-28 20:25:55 [@VGODOY-LAPTOP]
0 seconds for "optimize - glpi_devicemotherboards" @ 2016-04-28 20:25:55 [@VGODOY-LAPTOP]
0 seconds for "optimize - glpi_devicenetworkcards" @ 2016-04-28 20:25:55 [@VGODOY-LAPTOP]
0 seconds for "optimize - glpi_devicepcis" @ 2016-04-28 20:25:55 [@VGODOY-LAPTOP]
0 seconds for "optimize - glpi_devicepowersupplies" @ 2016-04-28 20:25:55 [@VGODOY-LAPTOP]
0 seconds for "optimize - glpi_deviceprocessors" @ 2016-04-28 20:25:55 [@VGODOY-LAPTOP]
0 seconds for "optimize - glpi_devicesoundcards" @ 2016-04-28 20:25:56 [@VGODOY-LAPTOP]
1 second for "optimize - glpi_displaypreferences" @ 2016-04-28 20:25:56 [@VGODOY-LAPTOP]
0 seconds for "optimize - glpi_documentcategories" @ 2016-04-28 20:25:56 [@VGODOY-LAPTOP]
0 seconds for "optimize - glpi_documents" @ 2016-04-28 20:25:56 [@VGODOY-LAPTOP]
0 seconds for "optimize - glpi_documents_items" @ 2016-04-28 20:25:56 [@VGODOY-LAPTOP]
0 seconds for "optimize - glpi_documenttypes" @ 2016-04-28 20:25:56 [@VGODOY-LAPTOP]
0 seconds for "optimize - glpi_domains" @ 2016-04-28 20:25:56 [@VGODOY-LAPTOP]
0 seconds for "optimize - glpi_dropdowntranslations" @ 2016-04-28 20:25:56 [@VGODOY-LAPTOP]
0 seconds for "optimize - glpi_entities" @ 2016-04-28 20:25:56 [@VGODOY-LAPTOP]
0 seconds for "optimize - glpi_entities_knowbaseitems" @ 2016-04-28 20:25:56 [@VGODOY-LAPTOP]
0 seconds for "optimize - glpi_entities_reminders" @ 2016-04-28 20:25:56 [@VGODOY-LAPTOP]
0 seconds for "optimize - glpi_entities_rssfeeds" @ 2016-04-28 20:25:56 [@VGODOY-LAPTOP]
0 seconds for "optimize - glpi_events" @ 2016-04-28 20:25:56 [@VGODOY-LAPTOP]
0 seconds for "optimize - glpi_fieldblacklists" @ 2016-04-28 20:25:56 [@VGODOY-LAPTOP]
0 seconds for "optimize - glpi_fieldunicities" @ 2016-04-28 20:25:56 [@VGODOY-LAPTOP]
0 seconds for "optimize - glpi_filesystems" @ 2016-04-28 20:25:56 [@VGODOY-LAPTOP]
0 seconds for "optimize - glpi_fqdns" @ 2016-04-28 20:25:56 [@VGODOY-LAPTOP]
0 seconds for "optimize - glpi_groups" @ 2016-04-28 20:25:56 [@VGODOY-LAPTOP]
0 seconds for "optimize - glpi_groups_knowbaseitems" @ 2016-04-28 20:25:56 [@VGODOY-LAPTOP]
0 seconds for "optimize - glpi_groups_problems" @ 2016-04-28 20:25:56 [@VGODOY-LAPTOP]
0 seconds for "optimize - glpi_groups_reminders" @ 2016-04-28 20:25:56 [@VGODOY-LAPTOP]
0 seconds for "optimize - glpi_groups_rssfeeds" @ 2016-04-28 20:25:56 [@VGODOY-LAPTOP]
0 seconds for "optimize - glpi_groups_tickets" @ 2016-04-28 20:25:56 [@VGODOY-LAPTOP]
0 seconds for "optimize - glpi_groups_users" @ 2016-04-28 20:25:56 [@VGODOY-LAPTOP]
0 seconds for "optimize - glpi_holidays" @ 2016-04-28 20:25:56 [@VGODOY-LAPTOP]
0 seconds for "optimize - glpi_infocoms" @ 2016-04-28 20:25:56 [@VGODOY-LAPTOP]
0 seconds for "optimize - glpi_interfacetypes" @ 2016-04-28 20:25:56 [@VGODOY-LAPTOP]
0 seconds for "optimize - glpi_ipaddresses" @ 2016-04-28 20:25:56 [@VGODOY-LAPTOP]
0 seconds for "optimize - glpi_ipaddresses_ipnetworks" @ 2016-04-28 20:25:56 [@VGODOY-LAPTOP]
0 seconds for "optimize - glpi_ipnetworks" @ 2016-04-28 20:25:56 [@VGODOY-LAPTOP]
0 seconds for "optimize - glpi_ipnetworks_vlans" @ 2016-04-28 20:25:56 [@VGODOY-LAPTOP]
0 seconds for "optimize - glpi_items_devicecases" @ 2016-04-28 20:25:56 [@VGODOY-LAPTOP]
0 seconds for "optimize - glpi_items_devicecontrols" @ 2016-04-28 20:25:56 [@VGODOY-LAPTOP]
0 seconds for "optimize - glpi_items_devicedrives" @ 2016-04-28 20:25:56 [@VGODOY-LAPTOP]
0 seconds for "optimize - glpi_items_devicegraphiccards" @ 2016-04-28 20:25:56 [@VGODOY-LAPTOP]
0 seconds for "optimize - glpi_items_deviceharddrives" @ 2016-04-28 20:25:56 [@VGODOY-LAPTOP]
0 seconds for "optimize - glpi_items_devicememories" @ 2016-04-28 20:25:56 [@VGODOY-LAPTOP]
0 seconds for "optimize - glpi_items_devicemotherboards" @ 2016-04-28 20:25:56 [@VGODOY-LAPTOP]
0 seconds for "optimize - glpi_items_devicenetworkcards" @ 2016-04-28 20:25:56 [@VGODOY-LAPTOP]
0 seconds for "optimize - glpi_items_devicepcis" @ 2016-04-28 20:25:56 [@VGODOY-LAPTOP]
0 seconds for "optimize - glpi_items_devicepowersupplies" @ 2016-04-28 20:25:56 [@VGODOY-LAPTOP]
0 seconds for "optimize - glpi_items_deviceprocessors" @ 2016-04-28 20:25:56 [@VGODOY-LAPTOP]
0 seconds for "optimize - glpi_items_devicesoundcards" @ 2016-04-28 20:25:56 [@VGODOY-LAPTOP]
0 seconds for "optimize - glpi_items_problems" @ 2016-04-28 20:25:56 [@VGODOY-LAPTOP]
0 seconds for "optimize - glpi_items_projects" @ 2016-04-28 20:25:56 [@VGODOY-LAPTOP]
0 seconds for "optimize - glpi_items_tickets" @ 2016-04-28 20:25:56 [@VGODOY-LAPTOP]
0 seconds for "optimize - glpi_itilcategories" @ 2016-04-28 20:25:56 [@VGODOY-LAPTOP]
0 seconds for "optimize - glpi_knowbaseitemcategories" @ 2016-04-28 20:25:56 [@VGODOY-LAPTOP]
0 seconds for "optimize - glpi_knowbaseitems" @ 2016-04-28 20:25:56 [@VGODOY-LAPTOP]
0 seconds for "optimize - glpi_knowbaseitems_profiles" @ 2016-04-28 20:25:56 [@VGODOY-LAPTOP]
0 seconds for "optimize - glpi_knowbaseitems_users" @ 2016-04-28 20:25:56 [@VGODOY-LAPTOP]
0 seconds for "optimize - glpi_knowbaseitemtranslations" @ 2016-04-28 20:25:56 [@VGODOY-LAPTOP]
0 seconds for "optimize - glpi_links" @ 2016-04-28 20:25:56 [@VGODOY-LAPTOP]
0 seconds for "optimize - glpi_links_itemtypes" @ 2016-04-28 20:25:56 [@VGODOY-LAPTOP]
0 seconds for "optimize - glpi_locations" @ 2016-04-28 20:25:56 [@VGODOY-LAPTOP]
0 seconds for "optimize - glpi_logs" @ 2016-04-28 20:25:56 [@VGODOY-LAPTOP]
0 seconds for "optimize - glpi_mailcollectors" @ 2016-04-28 20:25:56 [@VGODOY-LAPTOP]
0 seconds for "optimize - glpi_manufacturers" @ 2016-04-28 20:25:56 [@VGODOY-LAPTOP]
0 seconds for "optimize - glpi_monitormodels" @ 2016-04-28 20:25:56 [@VGODOY-LAPTOP]
0 seconds for "optimize - glpi_monitors" @ 2016-04-28 20:25:56 [@VGODOY-LAPTOP]
0 seconds for "optimize - glpi_monitortypes" @ 2016-04-28 20:25:56 [@VGODOY-LAPTOP]
0 seconds for "optimize - glpi_netpoints" @ 2016-04-28 20:25:56 [@VGODOY-LAPTOP]
0 seconds for "optimize - glpi_networkaliases" @ 2016-04-28 20:25:56 [@VGODOY-LAPTOP]
0 seconds for "optimize - glpi_networkequipmentfirmwares" @ 2016-04-28 20:25:57 [@VGODOY-LAPTOP]
1 second for "optimize - glpi_networkequipmentmodels" @ 2016-04-28 20:25:57 [@VGODOY-LAPTOP]
0 seconds for "optimize - glpi_networkequipments" @ 2016-04-28 20:25:57 [@VGODOY-LAPTOP]
0 seconds for "optimize - glpi_networkequipmenttypes" @ 2016-04-28 20:25:57 [@VGODOY-LAPTOP]
0 seconds for "optimize - glpi_networkinterfaces" @ 2016-04-28 20:25:57 [@VGODOY-LAPTOP]
0 seconds for "optimize - glpi_networknames" @ 2016-04-28 20:25:57 [@VGODOY-LAPTOP]
0 seconds for "optimize - glpi_networkportaggregates" @ 2016-04-28 20:25:57 [@VGODOY-LAPTOP]
0 seconds for "optimize - glpi_networkportaliases" @ 2016-04-28 20:25:57 [@VGODOY-LAPTOP]
0 seconds for "optimize - glpi_networkportdialups" @ 2016-04-28 20:25:57 [@VGODOY-LAPTOP]
0 seconds for "optimize - glpi_networkportethernets" @ 2016-04-28 20:25:57 [@VGODOY-LAPTOP]
0 seconds for "optimize - glpi_networkportlocals" @ 2016-04-28 20:25:57 [@VGODOY-LAPTOP]
0 seconds for "optimize - glpi_networkports" @ 2016-04-28 20:25:57 [@VGODOY-LAPTOP]
0 seconds for "optimize - glpi_networkports_networkports" @ 2016-04-28 20:25:57 [@VGODOY-LAPTOP]
0 seconds for "optimize - glpi_networkports_vlans" @ 2016-04-28 20:25:57 [@VGODOY-LAPTOP]
0 seconds for "optimize - glpi_networkportwifis" @ 2016-04-28 20:25:57 [@VGODOY-LAPTOP]
0 seconds for "optimize - glpi_networks" @ 2016-04-28 20:25:57 [@VGODOY-LAPTOP]
0 seconds for "optimize - glpi_notepads" @ 2016-04-28 20:25:57 [@VGODOY-LAPTOP]
0 seconds for "optimize - glpi_notifications" @ 2016-04-28 20:25:57 [@VGODOY-LAPTOP]
0 seconds for "optimize - glpi_notificationtargets" @ 2016-04-28 20:25:57 [@VGODOY-LAPTOP]
0 seconds for "optimize - glpi_notificationtemplates" @ 2016-04-28 20:25:57 [@VGODOY-LAPTOP]
0 seconds for "optimize - glpi_notificationtemplatetranslations" @ 2016-04-28 20:25:57 [@VGODOY-LAPTOP]
0 seconds for "optimize - glpi_notimportedemails" @ 2016-04-28 20:25:57 [@VGODOY-LAPTOP]
0 seconds for "optimize - glpi_operatingsystems" @ 2016-04-28 20:25:57 [@VGODOY-LAPTOP]
0 seconds for "optimize - glpi_operatingsystemservicepacks" @ 2016-04-28 20:25:57 [@VGODOY-LAPTOP]
0 seconds for "optimize - glpi_operatingsystemversions" @ 2016-04-28 20:25:57 [@VGODOY-LAPTOP]
0 seconds for "optimize - glpi_peripheralmodels" @ 2016-04-28 20:25:57 [@VGODOY-LAPTOP]
0 seconds for "optimize - glpi_peripherals" @ 2016-04-28 20:25:57 [@VGODOY-LAPTOP]
0 seconds for "optimize - glpi_peripheraltypes" @ 2016-04-28 20:25:57 [@VGODOY-LAPTOP]
0 seconds for "optimize - glpi_phonemodels" @ 2016-04-28 20:25:57 [@VGODOY-LAPTOP]
0 seconds for "optimize - glpi_phonepowersupplies" @ 2016-04-28 20:25:57 [@VGODOY-LAPTOP]
0 seconds for "optimize - glpi_phones" @ 2016-04-28 20:25:57 [@VGODOY-LAPTOP]
0 seconds for "optimize - glpi_phonetypes" @ 2016-04-28 20:25:57 [@VGODOY-LAPTOP]
0 seconds for "optimize - glpi_planningrecalls" @ 2016-04-28 20:25:57 [@VGODOY-LAPTOP]
0 seconds for "optimize - glpi_plugins" @ 2016-04-28 20:25:57 [@VGODOY-LAPTOP]
0 seconds for "optimize - glpi_printermodels" @ 2016-04-28 20:25:57 [@VGODOY-LAPTOP]
0 seconds for "optimize - glpi_printers" @ 2016-04-28 20:25:57 [@VGODOY-LAPTOP]
0 seconds for "optimize - glpi_printertypes" @ 2016-04-28 20:25:57 [@VGODOY-LAPTOP]
0 seconds for "optimize - glpi_problemcosts" @ 2016-04-28 20:25:57 [@VGODOY-LAPTOP]
0 seconds for "optimize - glpi_problems" @ 2016-04-28 20:25:57 [@VGODOY-LAPTOP]
0 seconds for "optimize - glpi_problems_suppliers" @ 2016-04-28 20:25:57 [@VGODOY-LAPTOP]
0 seconds for "optimize - glpi_problems_tickets" @ 2016-04-28 20:25:57 [@VGODOY-LAPTOP]
0 seconds for "optimize - glpi_problems_users" @ 2016-04-28 20:25:57 [@VGODOY-LAPTOP]
0 seconds for "optimize - glpi_problemtasks" @ 2016-04-28 20:25:57 [@VGODOY-LAPTOP]
0 seconds for "optimize - glpi_profilerights" @ 2016-04-28 20:25:57 [@VGODOY-LAPTOP]
0 seconds for "optimize - glpi_profiles" @ 2016-04-28 20:25:57 [@VGODOY-LAPTOP]
0 seconds for "optimize - glpi_profiles_reminders" @ 2016-04-28 20:25:57 [@VGODOY-LAPTOP]
0 seconds for "optimize - glpi_profiles_rssfeeds" @ 2016-04-28 20:25:57 [@VGODOY-LAPTOP]
0 seconds for "optimize - glpi_profiles_users" @ 2016-04-28 20:25:57 [@VGODOY-LAPTOP]
0 seconds for "optimize - glpi_projectcosts" @ 2016-04-28 20:25:57 [@VGODOY-LAPTOP]
0 seconds for "optimize - glpi_projects" @ 2016-04-28 20:25:57 [@VGODOY-LAPTOP]
0 seconds for "optimize - glpi_projectstates" @ 2016-04-28 20:25:57 [@VGODOY-LAPTOP]
0 seconds for "optimize - glpi_projecttasks" @ 2016-04-28 20:25:57 [@VGODOY-LAPTOP]
0 seconds for "optimize - glpi_projecttasks_tickets" @ 2016-04-28 20:25:57 [@VGODOY-LAPTOP]
0 seconds for "optimize - glpi_projecttaskteams" @ 2016-04-28 20:25:57 [@VGODOY-LAPTOP]
0 seconds for "optimize - glpi_projecttasktypes" @ 2016-04-28 20:25:57 [@VGODOY-LAPTOP]
0 seconds for "optimize - glpi_projectteams" @ 2016-04-28 20:25:57 [@VGODOY-LAPTOP]
0 seconds for "optimize - glpi_projecttypes" @ 2016-04-28 20:25:57 [@VGODOY-LAPTOP]
0 seconds for "optimize - glpi_queuedmails" @ 2016-04-28 20:25:57 [@VGODOY-LAPTOP]
0 seconds for "optimize - glpi_registeredids" @ 2016-04-28 20:25:57 [@VGODOY-LAPTOP]
0 seconds for "optimize - glpi_reminders" @ 2016-04-28 20:25:57 [@VGODOY-LAPTOP]
0 seconds for "optimize - glpi_reminders_users" @ 2016-04-28 20:25:57 [@VGODOY-LAPTOP]
0 seconds for "optimize - glpi_requesttypes" @ 2016-04-28 20:25:57 [@VGODOY-LAPTOP]
0 seconds for "optimize - glpi_reservationitems" @ 2016-04-28 20:25:57 [@VGODOY-LAPTOP]
0 seconds for "optimize - glpi_reservations" @ 2016-04-28 20:25:57 [@VGODOY-LAPTOP]
0 seconds for "optimize - glpi_rssfeeds" @ 2016-04-28 20:25:57 [@VGODOY-LAPTOP]
0 seconds for "optimize - glpi_rssfeeds_users" @ 2016-04-28 20:25:57 [@VGODOY-LAPTOP]
0 seconds for "optimize - glpi_ruleactions" @ 2016-04-28 20:25:57 [@VGODOY-LAPTOP]
0 seconds for "optimize - glpi_rulecriterias" @ 2016-04-28 20:25:57 [@VGODOY-LAPTOP]
0 seconds for "optimize - glpi_rulerightparameters" @ 2016-04-28 20:25:57 [@VGODOY-LAPTOP]
0 seconds for "optimize - glpi_rules" @ 2016-04-28 20:25:57 [@VGODOY-LAPTOP]
0 seconds for "optimize - glpi_slalevelactions" @ 2016-04-28 20:25:57 [@VGODOY-LAPTOP]
0 seconds for "optimize - glpi_slalevelcriterias" @ 2016-04-28 20:25:57 [@VGODOY-LAPTOP]
0 seconds for "optimize - glpi_slalevels" @ 2016-04-28 20:25:57 [@VGODOY-LAPTOP]
0 seconds for "optimize - glpi_slalevels_tickets" @ 2016-04-28 20:25:58 [@VGODOY-LAPTOP]
1 second for "optimize - glpi_slas" @ 2016-04-28 20:25:58 [@VGODOY-LAPTOP]
0 seconds for "optimize - glpi_softwarecategories" @ 2016-04-28 20:25:58 [@VGODOY-LAPTOP]
0 seconds for "optimize - glpi_softwarelicenses" @ 2016-04-28 20:25:58 [@VGODOY-LAPTOP]
0 seconds for "optimize - glpi_softwarelicensetypes" @ 2016-04-28 20:25:58 [@VGODOY-LAPTOP]
0 seconds for "optimize - glpi_softwares" @ 2016-04-28 20:25:58 [@VGODOY-LAPTOP]
0 seconds for "optimize - glpi_softwareversions" @ 2016-04-28 20:25:58 [@VGODOY-LAPTOP]
0 seconds for "optimize - glpi_solutiontemplates" @ 2016-04-28 20:25:58 [@VGODOY-LAPTOP]
0 seconds for "optimize - glpi_solutiontypes" @ 2016-04-28 20:25:58 [@VGODOY-LAPTOP]
0 seconds for "optimize - glpi_ssovariables" @ 2016-04-28 20:25:58 [@VGODOY-LAPTOP]
0 seconds for "optimize - glpi_states" @ 2016-04-28 20:25:58 [@VGODOY-LAPTOP]
0 seconds for "optimize - glpi_suppliers" @ 2016-04-28 20:25:58 [@VGODOY-LAPTOP]
0 seconds for "optimize - glpi_suppliers_tickets" @ 2016-04-28 20:25:58 [@VGODOY-LAPTOP]
0 seconds for "optimize - glpi_suppliertypes" @ 2016-04-28 20:25:58 [@VGODOY-LAPTOP]
0 seconds for "optimize - glpi_taskcategories" @ 2016-04-28 20:25:58 [@VGODOY-LAPTOP]
0 seconds for "optimize - glpi_ticketcategories" @ 2016-04-28 20:25:58 [@VGODOY-LAPTOP]
0 seconds for "optimize - glpi_ticketcosts" @ 2016-04-28 20:25:58 [@VGODOY-LAPTOP]
0 seconds for "optimize - glpi_ticketfollowups" @ 2016-04-28 20:25:58 [@VGODOY-LAPTOP]
0 seconds for "optimize - glpi_ticketplannings" @ 2016-04-28 20:25:58 [@VGODOY-LAPTOP]
0 seconds for "optimize - glpi_ticketrecurrents" @ 2016-04-28 20:25:58 [@VGODOY-LAPTOP]
0 seconds for "optimize - glpi_tickets" @ 2016-04-28 20:25:58 [@VGODOY-LAPTOP]
0 seconds for "optimize - glpi_tickets_tickets" @ 2016-04-28 20:25:58 [@VGODOY-LAPTOP]
0 seconds for "optimize - glpi_tickets_users" @ 2016-04-28 20:25:58 [@VGODOY-LAPTOP]
0 seconds for "optimize - glpi_ticketsatisfactions" @ 2016-04-28 20:25:58 [@VGODOY-LAPTOP]
0 seconds for "optimize - glpi_ticketsolutiontemplates" @ 2016-04-28 20:25:58 [@VGODOY-LAPTOP]
0 seconds for "optimize - glpi_ticketsolutiontypes" @ 2016-04-28 20:25:58 [@VGODOY-LAPTOP]
0 seconds for "optimize - glpi_tickettasks" @ 2016-04-28 20:25:58 [@VGODOY-LAPTOP]
0 seconds for "optimize - glpi_tickettemplatehiddenfields" @ 2016-04-28 20:25:58 [@VGODOY-LAPTOP]
0 seconds for "optimize - glpi_tickettemplatemandatoryfields" @ 2016-04-28 20:25:58 [@VGODOY-LAPTOP]
0 seconds for "optimize - glpi_tickettemplatepredefinedfields" @ 2016-04-28 20:25:58 [@VGODOY-LAPTOP]
0 seconds for "optimize - glpi_tickettemplates" @ 2016-04-28 20:25:58 [@VGODOY-LAPTOP]
0 seconds for "optimize - glpi_ticketvalidations" @ 2016-04-28 20:25:58 [@VGODOY-LAPTOP]
0 seconds for "optimize - glpi_transfers" @ 2016-04-28 20:25:58 [@VGODOY-LAPTOP]
0 seconds for "optimize - glpi_usercategories" @ 2016-04-28 20:25:58 [@VGODOY-LAPTOP]
0 seconds for "optimize - glpi_useremails" @ 2016-04-28 20:25:58 [@VGODOY-LAPTOP]
0 seconds for "optimize - glpi_users" @ 2016-04-28 20:25:58 [@VGODOY-LAPTOP]
0 seconds for "optimize - glpi_usertitles" @ 2016-04-28 20:25:58 [@VGODOY-LAPTOP]
0 seconds for "optimize - glpi_virtualmachinestates" @ 2016-04-28 20:25:58 [@VGODOY-LAPTOP]
0 seconds for "optimize - glpi_virtualmachinesystems" @ 2016-04-28 20:25:58 [@VGODOY-LAPTOP]
0 seconds for "optimize - glpi_virtualmachinetypes" @ 2016-04-28 20:25:58 [@VGODOY-LAPTOP]
0 seconds for "optimize - glpi_vlans" @ 2016-04-28 20:25:58 [@VGODOY-LAPTOP]
0 seconds for "optimize - glpi_wifinetworks" @ 2016-05-02 17:16:32 [@VGODOY-LAPTOP]
0 seconds for "Change of the database layout - glpi_softwarelicenses" @ 2016-05-02 17:16:33 [@VGODOY-LAPTOP]
1 second for "Proceso terminado" @ 2016-05-02 17:16:33 [@VGODOY-LAPTOP]
0 seconds for "optimize - Principio" @ 2016-05-02 17:16:33 [@VGODOY-LAPTOP]
0 seconds for "optimize - glpi_alerts" @ 2016-05-02 17:16:33 [@VGODOY-LAPTOP]
0 seconds for "optimize - glpi_authldapreplicates" @ 2016-05-02 17:16:33 [@VGODOY-LAPTOP]
0 seconds for "optimize - glpi_authldaps" @ 2016-05-02 17:16:33 [@VGODOY-LAPTOP]
0 seconds for "optimize - glpi_authmails" @ 2016-05-02 17:16:33 [@VGODOY-LAPTOP]
0 seconds for "optimize - glpi_autoupdatesystems" @ 2016-05-02 17:16:33 [@VGODOY-LAPTOP]
0 seconds for "optimize - glpi_blacklistedmailcontents" @ 2016-05-02 17:16:33 [@VGODOY-LAPTOP]
0 seconds for "optimize - glpi_blacklists" @ 2016-05-02 17:16:33 [@VGODOY-LAPTOP]
0 seconds for "optimize - glpi_bookmarks" @ 2016-05-02 17:16:33 [@VGODOY-LAPTOP]
0 seconds for "optimize - glpi_bookmarks_users" @ 2016-05-02 17:16:33 [@VGODOY-LAPTOP]
0 seconds for "optimize - glpi_budgets" @ 2016-05-02 17:16:33 [@VGODOY-LAPTOP]
0 seconds for "optimize - glpi_calendars" @ 2016-05-02 17:16:33 [@VGODOY-LAPTOP]
0 seconds for "optimize - glpi_calendars_holidays" @ 2016-05-02 17:16:33 [@VGODOY-LAPTOP]
0 seconds for "optimize - glpi_calendarsegments" @ 2016-05-02 17:16:33 [@VGODOY-LAPTOP]
0 seconds for "optimize - glpi_cartridgeitems" @ 2016-05-02 17:16:33 [@VGODOY-LAPTOP]
0 seconds for "optimize - glpi_cartridgeitems_printermodels" @ 2016-05-02 17:16:33 [@VGODOY-LAPTOP]
0 seconds for "optimize - glpi_cartridgeitemtypes" @ 2016-05-02 17:16:33 [@VGODOY-LAPTOP]
0 seconds for "optimize - glpi_cartridges" @ 2016-05-02 17:16:33 [@VGODOY-LAPTOP]
0 seconds for "optimize - glpi_changecosts" @ 2016-05-02 17:16:33 [@VGODOY-LAPTOP]
0 seconds for "optimize - glpi_changes" @ 2016-05-02 17:16:33 [@VGODOY-LAPTOP]
0 seconds for "optimize - glpi_changes_groups" @ 2016-05-02 17:16:33 [@VGODOY-LAPTOP]
0 seconds for "optimize - glpi_changes_items" @ 2016-05-02 17:16:33 [@VGODOY-LAPTOP]
0 seconds for "optimize - glpi_changes_problems" @ 2016-05-02 17:16:33 [@VGODOY-LAPTOP]
0 seconds for "optimize - glpi_changes_projects" @ 2016-05-02 17:16:33 [@VGODOY-LAPTOP]
0 seconds for "optimize - glpi_changes_suppliers" @ 2016-05-02 17:16:33 [@VGODOY-LAPTOP]
0 seconds for "optimize - glpi_changes_tickets" @ 2016-05-02 17:16:33 [@VGODOY-LAPTOP]
0 seconds for "optimize - glpi_changes_users" @ 2016-05-02 17:16:33 [@VGODOY-LAPTOP]
0 seconds for "optimize - glpi_changetasks" @ 2016-05-02 17:16:33 [@VGODOY-LAPTOP]
0 seconds for "optimize - glpi_changevalidations" @ 2016-05-02 17:16:33 [@VGODOY-LAPTOP]
0 seconds for "optimize - glpi_computerdisks" @ 2016-05-02 17:16:33 [@VGODOY-LAPTOP]
0 seconds for "optimize - glpi_computermodels" @ 2016-05-02 17:16:34 [@VGODOY-LAPTOP]
1 second for "optimize - glpi_computers" @ 2016-05-02 17:16:34 [@VGODOY-LAPTOP]
0 seconds for "optimize - glpi_computers_items" @ 2016-05-02 17:16:34 [@VGODOY-LAPTOP]
0 seconds for "optimize - glpi_computers_softwarelicenses" @ 2016-05-02 17:16:34 [@VGODOY-LAPTOP]
0 seconds for "optimize - glpi_computers_softwareversions" @ 2016-05-02 17:16:34 [@VGODOY-LAPTOP]
0 seconds for "optimize - glpi_computertypes" @ 2016-05-02 17:16:34 [@VGODOY-LAPTOP]
0 seconds for "optimize - glpi_computervirtualmachines" @ 2016-05-02 17:16:34 [@VGODOY-LAPTOP]
0 seconds for "optimize - glpi_configs" @ 2016-05-02 17:16:34 [@VGODOY-LAPTOP]
0 seconds for "optimize - glpi_consumableitems" @ 2016-05-02 17:16:34 [@VGODOY-LAPTOP]
0 seconds for "optimize - glpi_consumableitemtypes" @ 2016-05-02 17:16:34 [@VGODOY-LAPTOP]
0 seconds for "optimize - glpi_consumables" @ 2016-05-02 17:16:34 [@VGODOY-LAPTOP]
0 seconds for "optimize - glpi_contacts" @ 2016-05-02 17:16:34 [@VGODOY-LAPTOP]
0 seconds for "optimize - glpi_contacts_suppliers" @ 2016-05-02 17:16:34 [@VGODOY-LAPTOP]
0 seconds for "optimize - glpi_contacttypes" @ 2016-05-02 17:16:34 [@VGODOY-LAPTOP]
0 seconds for "optimize - glpi_contractcosts" @ 2016-05-02 17:16:34 [@VGODOY-LAPTOP]
0 seconds for "optimize - glpi_contracts" @ 2016-05-02 17:16:34 [@VGODOY-LAPTOP]
0 seconds for "optimize - glpi_contracts_items" @ 2016-05-02 17:16:34 [@VGODOY-LAPTOP]
0 seconds for "optimize - glpi_contracts_suppliers" @ 2016-05-02 17:16:34 [@VGODOY-LAPTOP]
0 seconds for "optimize - glpi_contracttypes" @ 2016-05-02 17:16:34 [@VGODOY-LAPTOP]
0 seconds for "optimize - glpi_crontasklogs" @ 2016-05-02 17:16:34 [@VGODOY-LAPTOP]
0 seconds for "optimize - glpi_crontasks" @ 2016-05-02 17:16:34 [@VGODOY-LAPTOP]
0 seconds for "optimize - glpi_devicecases" @ 2016-05-02 17:16:34 [@VGODOY-LAPTOP]
0 seconds for "optimize - glpi_devicecasetypes" @ 2016-05-02 17:16:34 [@VGODOY-LAPTOP]
0 seconds for "optimize - glpi_devicecontrols" @ 2016-05-02 17:16:34 [@VGODOY-LAPTOP]
0 seconds for "optimize - glpi_devicedrives" @ 2016-05-02 17:16:34 [@VGODOY-LAPTOP]
0 seconds for "optimize - glpi_devicegraphiccards" @ 2016-05-02 17:16:34 [@VGODOY-LAPTOP]
0 seconds for "optimize - glpi_deviceharddrives" @ 2016-05-02 17:16:34 [@VGODOY-LAPTOP]
0 seconds for "optimize - glpi_devicememories" @ 2016-05-02 17:16:34 [@VGODOY-LAPTOP]
0 seconds for "optimize - glpi_devicememorytypes" @ 2016-05-02 17:16:34 [@VGODOY-LAPTOP]
0 seconds for "optimize - glpi_devicemotherboards" @ 2016-05-02 17:16:34 [@VGODOY-LAPTOP]
0 seconds for "optimize - glpi_devicenetworkcards" @ 2016-05-02 17:16:34 [@VGODOY-LAPTOP]
0 seconds for "optimize - glpi_devicepcis" @ 2016-05-02 17:16:34 [@VGODOY-LAPTOP]
0 seconds for "optimize - glpi_devicepowersupplies" @ 2016-05-02 17:16:34 [@VGODOY-LAPTOP]
0 seconds for "optimize - glpi_deviceprocessors" @ 2016-05-02 17:16:34 [@VGODOY-LAPTOP]
0 seconds for "optimize - glpi_devicesoundcards" @ 2016-05-02 17:16:34 [@VGODOY-LAPTOP]
0 seconds for "optimize - glpi_displaypreferences" @ 2016-05-02 17:16:34 [@VGODOY-LAPTOP]
0 seconds for "optimize - glpi_documentcategories" @ 2016-05-02 17:16:34 [@VGODOY-LAPTOP]
0 seconds for "optimize - glpi_documents" @ 2016-05-02 17:16:34 [@VGODOY-LAPTOP]
0 seconds for "optimize - glpi_documents_items" @ 2016-05-02 17:16:34 [@VGODOY-LAPTOP]
0 seconds for "optimize - glpi_documenttypes" @ 2016-05-02 17:16:34 [@VGODOY-LAPTOP]
0 seconds for "optimize - glpi_domains" @ 2016-05-02 17:16:34 [@VGODOY-LAPTOP]
0 seconds for "optimize - glpi_dropdowntranslations" @ 2016-05-02 17:16:34 [@VGODOY-LAPTOP]
0 seconds for "optimize - glpi_entities" @ 2016-05-02 17:16:34 [@VGODOY-LAPTOP]
0 seconds for "optimize - glpi_entities_knowbaseitems" @ 2016-05-02 17:16:34 [@VGODOY-LAPTOP]
0 seconds for "optimize - glpi_entities_reminders" @ 2016-05-02 17:16:34 [@VGODOY-LAPTOP]
0 seconds for "optimize - glpi_entities_rssfeeds" @ 2016-05-02 17:16:34 [@VGODOY-LAPTOP]
0 seconds for "optimize - glpi_events" @ 2016-05-02 17:16:34 [@VGODOY-LAPTOP]
0 seconds for "optimize - glpi_fieldblacklists" @ 2016-05-02 17:16:34 [@VGODOY-LAPTOP]
0 seconds for "optimize - glpi_fieldunicities" @ 2016-05-02 17:16:34 [@VGODOY-LAPTOP]
0 seconds for "optimize - glpi_filesystems" @ 2016-05-02 17:16:34 [@VGODOY-LAPTOP]
0 seconds for "optimize - glpi_fqdns" @ 2016-05-02 17:16:34 [@VGODOY-LAPTOP]
0 seconds for "optimize - glpi_groups" @ 2016-05-02 17:16:34 [@VGODOY-LAPTOP]
0 seconds for "optimize - glpi_groups_knowbaseitems" @ 2016-05-02 17:16:34 [@VGODOY-LAPTOP]
0 seconds for "optimize - glpi_groups_problems" @ 2016-05-02 17:16:34 [@VGODOY-LAPTOP]
0 seconds for "optimize - glpi_groups_reminders" @ 2016-05-02 17:16:34 [@VGODOY-LAPTOP]
0 seconds for "optimize - glpi_groups_rssfeeds" @ 2016-05-02 17:16:34 [@VGODOY-LAPTOP]
0 seconds for "optimize - glpi_groups_tickets" @ 2016-05-02 17:16:35 [@VGODOY-LAPTOP]
1 second for "optimize - glpi_groups_users" @ 2016-05-02 17:16:35 [@VGODOY-LAPTOP]
0 seconds for "optimize - glpi_holidays" @ 2016-05-02 17:16:35 [@VGODOY-LAPTOP]
0 seconds for "optimize - glpi_infocoms" @ 2016-05-02 17:16:35 [@VGODOY-LAPTOP]
0 seconds for "optimize - glpi_interfacetypes" @ 2016-05-02 17:16:35 [@VGODOY-LAPTOP]
0 seconds for "optimize - glpi_ipaddresses" @ 2016-05-02 17:16:35 [@VGODOY-LAPTOP]
0 seconds for "optimize - glpi_ipaddresses_ipnetworks" @ 2016-05-02 17:16:35 [@VGODOY-LAPTOP]
0 seconds for "optimize - glpi_ipnetworks" @ 2016-05-02 17:16:35 [@VGODOY-LAPTOP]
0 seconds for "optimize - glpi_ipnetworks_vlans" @ 2016-05-02 17:16:35 [@VGODOY-LAPTOP]
0 seconds for "optimize - glpi_items_devicecases" @ 2016-05-02 17:16:35 [@VGODOY-LAPTOP]
0 seconds for "optimize - glpi_items_devicecontrols" @ 2016-05-02 17:16:35 [@VGODOY-LAPTOP]
0 seconds for "optimize - glpi_items_devicedrives" @ 2016-05-02 17:16:35 [@VGODOY-LAPTOP]
0 seconds for "optimize - glpi_items_devicegraphiccards" @ 2016-05-02 17:16:35 [@VGODOY-LAPTOP]
0 seconds for "optimize - glpi_items_deviceharddrives" @ 2016-05-02 17:16:35 [@VGODOY-LAPTOP]
0 seconds for "optimize - glpi_items_devicememories" @ 2016-05-02 17:16:35 [@VGODOY-LAPTOP]
0 seconds for "optimize - glpi_items_devicemotherboards" @ 2016-05-02 17:16:35 [@VGODOY-LAPTOP]
0 seconds for "optimize - glpi_items_devicenetworkcards" @ 2016-05-02 17:16:35 [@VGODOY-LAPTOP]
0 seconds for "optimize - glpi_items_devicepcis" @ 2016-05-02 17:16:35 [@VGODOY-LAPTOP]
0 seconds for "optimize - glpi_items_devicepowersupplies" @ 2016-05-02 17:16:35 [@VGODOY-LAPTOP]
0 seconds for "optimize - glpi_items_deviceprocessors" @ 2016-05-02 17:16:35 [@VGODOY-LAPTOP]
0 seconds for "optimize - glpi_items_devicesoundcards" @ 2016-05-02 17:16:35 [@VGODOY-LAPTOP]
0 seconds for "optimize - glpi_items_problems" @ 2016-05-02 17:16:35 [@VGODOY-LAPTOP]
0 seconds for "optimize - glpi_items_projects" @ 2016-05-02 17:16:35 [@VGODOY-LAPTOP]
0 seconds for "optimize - glpi_items_tickets" @ 2016-05-02 17:16:35 [@VGODOY-LAPTOP]
0 seconds for "optimize - glpi_itilcategories" @ 2016-05-02 17:16:35 [@VGODOY-LAPTOP]
0 seconds for "optimize - glpi_knowbaseitemcategories" @ 2016-05-02 17:16:35 [@VGODOY-LAPTOP]
0 seconds for "optimize - glpi_knowbaseitems" @ 2016-05-02 17:16:35 [@VGODOY-LAPTOP]
0 seconds for "optimize - glpi_knowbaseitems_profiles" @ 2016-05-02 17:16:35 [@VGODOY-LAPTOP]
0 seconds for "optimize - glpi_knowbaseitems_users" @ 2016-05-02 17:16:35 [@VGODOY-LAPTOP]
0 seconds for "optimize - glpi_knowbaseitemtranslations" @ 2016-05-02 17:16:35 [@VGODOY-LAPTOP]
0 seconds for "optimize - glpi_links" @ 2016-05-02 17:16:35 [@VGODOY-LAPTOP]
0 seconds for "optimize - glpi_links_itemtypes" @ 2016-05-02 17:16:35 [@VGODOY-LAPTOP]
0 seconds for "optimize - glpi_locations" @ 2016-05-02 17:16:36 [@VGODOY-LAPTOP]
1 second for "optimize - glpi_logs" @ 2016-05-02 17:16:36 [@VGODOY-LAPTOP]
0 seconds for "optimize - glpi_mailcollectors" @ 2016-05-02 17:16:36 [@VGODOY-LAPTOP]
0 seconds for "optimize - glpi_manufacturers" @ 2016-05-02 17:16:36 [@VGODOY-LAPTOP]
0 seconds for "optimize - glpi_monitormodels" @ 2016-05-02 17:16:36 [@VGODOY-LAPTOP]
0 seconds for "optimize - glpi_monitors" @ 2016-05-02 17:16:36 [@VGODOY-LAPTOP]
0 seconds for "optimize - glpi_monitortypes" @ 2016-05-02 17:16:36 [@VGODOY-LAPTOP]
0 seconds for "optimize - glpi_netpoints" @ 2016-05-02 17:16:36 [@VGODOY-LAPTOP]
0 seconds for "optimize - glpi_networkaliases" @ 2016-05-02 17:16:36 [@VGODOY-LAPTOP]
0 seconds for "optimize - glpi_networkequipmentfirmwares" @ 2016-05-02 17:16:36 [@VGODOY-LAPTOP]
0 seconds for "optimize - glpi_networkequipmentmodels" @ 2016-05-02 17:16:36 [@VGODOY-LAPTOP]
0 seconds for "optimize - glpi_networkequipments" @ 2016-05-02 17:16:36 [@VGODOY-LAPTOP]
0 seconds for "optimize - glpi_networkequipmenttypes" @ 2016-05-02 17:16:36 [@VGODOY-LAPTOP]
0 seconds for "optimize - glpi_networkinterfaces" @ 2016-05-02 17:16:36 [@VGODOY-LAPTOP]
0 seconds for "optimize - glpi_networknames" @ 2016-05-02 17:16:36 [@VGODOY-LAPTOP]
0 seconds for "optimize - glpi_networkportaggregates" @ 2016-05-02 17:16:36 [@VGODOY-LAPTOP]
0 seconds for "optimize - glpi_networkportaliases" @ 2016-05-02 17:16:36 [@VGODOY-LAPTOP]
0 seconds for "optimize - glpi_networkportdialups" @ 2016-05-02 17:16:36 [@VGODOY-LAPTOP]
0 seconds for "optimize - glpi_networkportethernets" @ 2016-05-02 17:16:36 [@VGODOY-LAPTOP]
0 seconds for "optimize - glpi_networkportlocals" @ 2016-05-02 17:16:36 [@VGODOY-LAPTOP]
0 seconds for "optimize - glpi_networkports" @ 2016-05-02 17:16:36 [@VGODOY-LAPTOP]
0 seconds for "optimize - glpi_networkports_networkports" @ 2016-05-02 17:16:36 [@VGODOY-LAPTOP]
0 seconds for "optimize - glpi_networkports_vlans" @ 2016-05-02 17:16:36 [@VGODOY-LAPTOP]
0 seconds for "optimize - glpi_networkportwifis" @ 2016-05-02 17:16:36 [@VGODOY-LAPTOP]
0 seconds for "optimize - glpi_networks" @ 2016-05-02 17:16:36 [@VGODOY-LAPTOP]
0 seconds for "optimize - glpi_notepads" @ 2016-05-02 17:16:36 [@VGODOY-LAPTOP]
0 seconds for "optimize - glpi_notifications" @ 2016-05-02 17:16:36 [@VGODOY-LAPTOP]
0 seconds for "optimize - glpi_notificationtargets" @ 2016-05-02 17:16:36 [@VGODOY-LAPTOP]
0 seconds for "optimize - glpi_notificationtemplates" @ 2016-05-02 17:16:36 [@VGODOY-LAPTOP]
0 seconds for "optimize - glpi_notificationtemplatetranslations" @ 2016-05-02 17:16:36 [@VGODOY-LAPTOP]
0 seconds for "optimize - glpi_notimportedemails" @ 2016-05-02 17:16:36 [@VGODOY-LAPTOP]
0 seconds for "optimize - glpi_operatingsystems" @ 2016-05-02 17:16:36 [@VGODOY-LAPTOP]
0 seconds for "optimize - glpi_operatingsystemservicepacks" @ 2016-05-02 17:16:36 [@VGODOY-LAPTOP]
0 seconds for "optimize - glpi_operatingsystemversions" @ 2016-05-02 17:16:36 [@VGODOY-LAPTOP]
0 seconds for "optimize - glpi_peripheralmodels" @ 2016-05-02 17:16:36 [@VGODOY-LAPTOP]
0 seconds for "optimize - glpi_peripherals" @ 2016-05-02 17:16:36 [@VGODOY-LAPTOP]
0 seconds for "optimize - glpi_peripheraltypes" @ 2016-05-02 17:16:36 [@VGODOY-LAPTOP]
0 seconds for "optimize - glpi_phonemodels" @ 2016-05-02 17:16:36 [@VGODOY-LAPTOP]
0 seconds for "optimize - glpi_phonepowersupplies" @ 2016-05-02 17:16:36 [@VGODOY-LAPTOP]
0 seconds for "optimize - glpi_phones" @ 2016-05-02 17:16:36 [@VGODOY-LAPTOP]
0 seconds for "optimize - glpi_phonetypes" @ 2016-05-02 17:16:36 [@VGODOY-LAPTOP]
0 seconds for "optimize - glpi_planningrecalls" @ 2016-05-02 17:16:36 [@VGODOY-LAPTOP]
0 seconds for "optimize - glpi_plugins" @ 2016-05-02 17:16:36 [@VGODOY-LAPTOP]
0 seconds for "optimize - glpi_printermodels" @ 2016-05-02 17:16:36 [@VGODOY-LAPTOP]
0 seconds for "optimize - glpi_printers" @ 2016-05-02 17:16:36 [@VGODOY-LAPTOP]
0 seconds for "optimize - glpi_printertypes" @ 2016-05-02 17:16:36 [@VGODOY-LAPTOP]
0 seconds for "optimize - glpi_problemcosts" @ 2016-05-02 17:16:36 [@VGODOY-LAPTOP]
0 seconds for "optimize - glpi_problems" @ 2016-05-02 17:16:36 [@VGODOY-LAPTOP]
0 seconds for "optimize - glpi_problems_suppliers" @ 2016-05-02 17:16:36 [@VGODOY-LAPTOP]
0 seconds for "optimize - glpi_problems_tickets" @ 2016-05-02 17:16:36 [@VGODOY-LAPTOP]
0 seconds for "optimize - glpi_problems_users" @ 2016-05-02 17:16:36 [@VGODOY-LAPTOP]
0 seconds for "optimize - glpi_problemtasks" @ 2016-05-02 17:16:36 [@VGODOY-LAPTOP]
0 seconds for "optimize - glpi_profilerights" @ 2016-05-02 17:16:36 [@VGODOY-LAPTOP]
0 seconds for "optimize - glpi_profiles" @ 2016-05-02 17:16:36 [@VGODOY-LAPTOP]
0 seconds for "optimize - glpi_profiles_reminders" @ 2016-05-02 17:16:36 [@VGODOY-LAPTOP]
0 seconds for "optimize - glpi_profiles_rssfeeds" @ 2016-05-02 17:16:36 [@VGODOY-LAPTOP]
0 seconds for "optimize - glpi_profiles_users" @ 2016-05-02 17:16:36 [@VGODOY-LAPTOP]
0 seconds for "optimize - glpi_projectcosts" @ 2016-05-02 17:16:36 [@VGODOY-LAPTOP]
0 seconds for "optimize - glpi_projects" @ 2016-05-02 17:16:36 [@VGODOY-LAPTOP]
0 seconds for "optimize - glpi_projectstates" @ 2016-05-02 17:16:36 [@VGODOY-LAPTOP]
0 seconds for "optimize - glpi_projecttasks" @ 2016-05-02 17:16:36 [@VGODOY-LAPTOP]
0 seconds for "optimize - glpi_projecttasks_tickets" @ 2016-05-02 17:16:36 [@VGODOY-LAPTOP]
0 seconds for "optimize - glpi_projecttaskteams" @ 2016-05-02 17:16:36 [@VGODOY-LAPTOP]
0 seconds for "optimize - glpi_projecttasktypes" @ 2016-05-02 17:16:36 [@VGODOY-LAPTOP]
0 seconds for "optimize - glpi_projectteams" @ 2016-05-02 17:16:36 [@VGODOY-LAPTOP]
0 seconds for "optimize - glpi_projecttypes" @ 2016-05-02 17:16:36 [@VGODOY-LAPTOP]
0 seconds for "optimize - glpi_queuedmails" @ 2016-05-02 17:16:36 [@VGODOY-LAPTOP]
0 seconds for "optimize - glpi_registeredids" @ 2016-05-02 17:16:36 [@VGODOY-LAPTOP]
0 seconds for "optimize - glpi_reminders" @ 2016-05-02 17:16:36 [@VGODOY-LAPTOP]
0 seconds for "optimize - glpi_reminders_users" @ 2016-05-02 17:16:36 [@VGODOY-LAPTOP]
0 seconds for "optimize - glpi_requesttypes" @ 2016-05-02 17:16:36 [@VGODOY-LAPTOP]
0 seconds for "optimize - glpi_reservationitems" @ 2016-05-02 17:16:36 [@VGODOY-LAPTOP]
0 seconds for "optimize - glpi_reservations" @ 2016-05-02 17:16:36 [@VGODOY-LAPTOP]
0 seconds for "optimize - glpi_rssfeeds" @ 2016-05-02 17:16:36 [@VGODOY-LAPTOP]
0 seconds for "optimize - glpi_rssfeeds_users" @ 2016-05-02 17:16:36 [@VGODOY-LAPTOP]
0 seconds for "optimize - glpi_ruleactions" @ 2016-05-02 17:16:36 [@VGODOY-LAPTOP]
0 seconds for "optimize - glpi_rulecriterias" @ 2016-05-02 17:16:36 [@VGODOY-LAPTOP]
0 seconds for "optimize - glpi_rulerightparameters" @ 2016-05-02 17:16:36 [@VGODOY-LAPTOP]
0 seconds for "optimize - glpi_rules" @ 2016-05-02 17:16:36 [@VGODOY-LAPTOP]
0 seconds for "optimize - glpi_slalevelactions" @ 2016-05-02 17:16:36 [@VGODOY-LAPTOP]
0 seconds for "optimize - glpi_slalevelcriterias" @ 2016-05-02 17:16:36 [@VGODOY-LAPTOP]
0 seconds for "optimize - glpi_slalevels" @ 2016-05-02 17:16:36 [@VGODOY-LAPTOP]
0 seconds for "optimize - glpi_slalevels_tickets" @ 2016-05-02 17:16:36 [@VGODOY-LAPTOP]
0 seconds for "optimize - glpi_slas" @ 2016-05-02 17:16:36 [@VGODOY-LAPTOP]
0 seconds for "optimize - glpi_softwarecategories" @ 2016-05-02 17:16:36 [@VGODOY-LAPTOP]
0 seconds for "optimize - glpi_softwarelicenses" @ 2016-05-02 17:16:36 [@VGODOY-LAPTOP]
0 seconds for "optimize - glpi_softwarelicensetypes" @ 2016-05-02 17:16:36 [@VGODOY-LAPTOP]
0 seconds for "optimize - glpi_softwares" @ 2016-05-02 17:16:36 [@VGODOY-LAPTOP]
0 seconds for "optimize - glpi_softwareversions" @ 2016-05-02 17:16:36 [@VGODOY-LAPTOP]
0 seconds for "optimize - glpi_solutiontemplates" @ 2016-05-02 17:16:36 [@VGODOY-LAPTOP]
0 seconds for "optimize - glpi_solutiontypes" @ 2016-05-02 17:16:36 [@VGODOY-LAPTOP]
0 seconds for "optimize - glpi_ssovariables" @ 2016-05-02 17:16:36 [@VGODOY-LAPTOP]
0 seconds for "optimize - glpi_states" @ 2016-05-02 17:16:36 [@VGODOY-LAPTOP]
0 seconds for "optimize - glpi_suppliers" @ 2016-05-02 17:16:36 [@VGODOY-LAPTOP]
0 seconds for "optimize - glpi_suppliers_tickets" @ 2016-05-02 17:16:36 [@VGODOY-LAPTOP]
0 seconds for "optimize - glpi_suppliertypes" @ 2016-05-02 17:16:36 [@VGODOY-LAPTOP]
0 seconds for "optimize - glpi_taskcategories" @ 2016-05-02 17:16:36 [@VGODOY-LAPTOP]
0 seconds for "optimize - glpi_ticketcategories" @ 2016-05-02 17:16:36 [@VGODOY-LAPTOP]
0 seconds for "optimize - glpi_ticketcosts" @ 2016-05-02 17:16:37 [@VGODOY-LAPTOP]
0 seconds for "optimize - glpi_ticketfollowups" @ 2016-05-02 17:16:37 [@VGODOY-LAPTOP]
0 seconds for "optimize - glpi_ticketplannings" @ 2016-05-02 17:16:37 [@VGODOY-LAPTOP]
0 seconds for "optimize - glpi_ticketrecurrents" @ 2016-05-02 17:16:37 [@VGODOY-LAPTOP]
0 seconds for "optimize - glpi_tickets" @ 2016-05-02 17:16:37 [@VGODOY-LAPTOP]
0 seconds for "optimize - glpi_tickets_tickets" @ 2016-05-02 17:16:37 [@VGODOY-LAPTOP]
0 seconds for "optimize - glpi_tickets_users" @ 2016-05-02 17:16:37 [@VGODOY-LAPTOP]
0 seconds for "optimize - glpi_ticketsatisfactions" @ 2016-05-02 17:16:37 [@VGODOY-LAPTOP]
0 seconds for "optimize - glpi_ticketsolutiontemplates" @ 2016-05-02 17:16:37 [@VGODOY-LAPTOP]
0 seconds for "optimize - glpi_ticketsolutiontypes" @ 2016-05-02 17:16:37 [@VGODOY-LAPTOP]
0 seconds for "optimize - glpi_tickettasks" @ 2016-05-02 17:16:37 [@VGODOY-LAPTOP]
0 seconds for "optimize - glpi_tickettemplatehiddenfields" @ 2016-05-02 17:16:37 [@VGODOY-LAPTOP]
0 seconds for "optimize - glpi_tickettemplatemandatoryfields" @ 2016-05-02 17:16:37 [@VGODOY-LAPTOP]
0 seconds for "optimize - glpi_tickettemplatepredefinedfields" @ 2016-05-02 17:16:37 [@VGODOY-LAPTOP]
0 seconds for "optimize - glpi_tickettemplates" @ 2016-05-02 17:16:37 [@VGODOY-LAPTOP]
0 seconds for "optimize - glpi_ticketvalidations" @ 2016-05-02 17:16:37 [@VGODOY-LAPTOP]
0 seconds for "optimize - glpi_transfers" @ 2016-05-02 17:16:37 [@VGODOY-LAPTOP]
0 seconds for "optimize - glpi_usercategories" @ 2016-05-02 17:16:37 [@VGODOY-LAPTOP]
0 seconds for "optimize - glpi_useremails" @ 2016-05-02 17:16:37 [@VGODOY-LAPTOP]
0 seconds for "optimize - glpi_users" @ 2016-05-02 17:16:37 [@VGODOY-LAPTOP]
0 seconds for "optimize - glpi_usertitles" @ 2016-05-02 17:16:37 [@VGODOY-LAPTOP]
0 seconds for "optimize - glpi_virtualmachinestates" @ 2016-05-02 17:16:37 [@VGODOY-LAPTOP]
0 seconds for "optimize - glpi_virtualmachinesystems" @ 2016-05-02 17:16:37 [@VGODOY-LAPTOP]
0 seconds for "optimize - glpi_virtualmachinetypes" @ 2016-05-02 17:16:37 [@VGODOY-LAPTOP]
0 seconds for "optimize - glpi_vlans" @ 2016-05-02 17:16:37 [@VGODOY-LAPTOP]
0 seconds for "optimize - glpi_wifinetworks" @ 