2016-04-28 20:25:39 [@VGODOY-LAPTOP]
0 seconds for "Change of the database layout - glpi_profiles" @ 2016-04-28 20:25:39 [@VGODOY-LAPTOP]
0 seconds for "Migración de data - Network framework" @ 2016-04-28 20:25:39 [@VGODOY-LAPTOP]
0 seconds for "Change of the database layout - glpi_networkportmigrations" @ 2016-04-28 20:25:39 [@VGODOY-LAPTOP]
0 seconds for "Migración de data - glpi_fqdns" @ 2016-04-28 20:25:39 [@VGODOY-LAPTOP]
0 seconds for "Migración de data - glpi_ipaddresses" @ 2016-04-28 20:25:39 [@VGODOY-LAPTOP]
0 seconds for "Change of the database layout - glpi_wifinetworks" @ 2016-04-28 20:25:40 [@VGODOY-LAPTOP]
1 second for "Migración de data - glpi_ipnetworks" @ 2016-04-28 20:25:40 [@VGODOY-LAPTOP]
0 seconds for "Migración de data - glpi_ipnetworks_vlans" @ 2016-04-28 20:25:40 [@VGODOY-LAPTOP]
0 seconds for "Migración de data - glpi_networknames" @ 2016-04-28 20:25:40 [@VGODOY-LAPTOP]
0 seconds for "Change of the database layout - glpi_networkaliases" @ 2016-04-28 20:25:40 [@VGODOY-LAPTOP]
0 seconds for "Migración de data - glpi_ipaddresses_ipnetworks" @ 2016-04-28 20:25:40 [@VGODOY-LAPTOP]
0 seconds for "Change of the database layout - glpi_networkinterfaces" @ 2016-04-28 20:25:40 [@VGODOY-LAPTOP]
0 seconds for "Change of the database layout - glpi_networkports" @ 2016-04-28 20:25:40 [@VGODOY-LAPTOP]
0 seconds for "Migración de data - glpi_networkports" @ 2016-04-28 20:25:40 [@VGODOY-LAPTOP]
0 seconds for "Migración de data - Index mac field and transform address mac to lower" @ 2016-04-28 20:25:40 [@VGODOY-LAPTOP]
0 seconds for "Migración de data - Update migration of interfaces errors" @ 2016-04-28 20:25:40 [@VGODOY-LAPTOP]
0 seconds for "Change of the database layout - glpi_networkportethernets" @ 2016-04-28 20:25:40 [@VGODOY-LAPTOP]
0 seconds for "Change of the database layout - glpi_networkportwifis" @ 2016-04-28 20:25:40 [@VGODOY-LAPTOP]
0 seconds for "Change of the database layout - glpi_networkportlocals" @ 2016-04-28 20:25:40 [@VGODOY-LAPTOP]
0 seconds for "Change of the database layout - glpi_networkportdialups" @ 2016-04-28 20:25:40 [@VGODOY-LAPTOP]
0 seconds for "Change of the database layout - glpi_networkportaggregates" @ 2016-04-28 20:25:40 [@VGODOY-LAPTOP]
0 seconds for "Change of the database layout - glpi_networkportaliases" @ 2016-04-28 20:25:40 [@VGODOY-LAPTOP]
0 seconds for "Change of the database layout - glpi_vlans" @ 2016-04-28 20:25:40 [@VGODOY-LAPTOP]
0 seconds for "Migración de data - Update connections between IPAddress and IPNetwork" @ 2016-04-28 20:25:40 [@VGODOY-LAPTOP]
0 seconds for "Change of the database layout - Drop table glpi_networkportmigrations if empty" @ 2016-04-28 20:25:41 [@VGODOY-LAPTOP]
1 second for "Change of the database layout - glpi_networkequipments" @ 2016-04-28 20:25:41 [@VGODOY-LAPTOP]
0 seconds for "Migración de data - tickets and problems status" @ 2016-04-28 20:25:41 [@VGODOY-LAPTOP]
0 seconds for "Change of the database layout - Merge entity and entitydatas" @ 2016-04-28 20:25:41 [@VGODOY-LAPTOP]
0 seconds for "Change of the database layout - glpi_entities" @ 2016-04-28 20:25:41 [@VGODOY-LAPTOP]
0 seconds for "Change of the database layout - glpi_entities" @ 2016-04-28 20:25:41 [@VGODOY-LAPTOP]
0 seconds for "Migración de data - copy entity information to computers_softwareversions" @ 2016-04-28 20:25:41 [@VGODOY-LAPTOP]
0 seconds for "Change of the database layout - glpi_computers_softwareversions" @ 2016-04-28 20:25:41 [@VGODOY-LAPTOP]
0 seconds for "Migración de data - create validation_answer notification" @ 2016-04-28 20:25:41 [@VGODOY-LAPTOP]
0 seconds for "Migración de data - create contracts notification" @ 2016-04-28 20:25:41 [@VGODOY-LAPTOP]
0 seconds for "Change of the database layout - contract and ticket costs" @ 2016-04-28 20:25:41 [@VGODOY-LAPTOP]
0 seconds for "Change of the database layout - glpi_profiles" @ 2016-04-28 20:25:41 [@VGODOY-LAPTOP]
0 seconds for "Change of the database layout - rss flows" @ 2016-04-28 20:25:41 [@VGODOY-LAPTOP]
0 seconds for "Change of the database layout - planning recalls" @ 2016-04-28 20:25:41 [@VGODOY-LAPTOP]
0 seconds for "Change of the database layout - various fields" @ 2016-04-28 20:25:41 [@VGODOY-LAPTOP]
0 seconds for "Change of the database layout - glpi_entities" @ 2016-04-28 20:25:41 [@VGODOY-LAPTOP]
0 seconds for "Change of the database layout - glpi_entities" @ 2016-04-28 20:25:42 [@VGODOY-LAPTOP]
1 second for "Change of the database layout - glpi_entities" @ 2016-04-28 20:25:42 [@VGODOY-LAPTOP]
0 seconds for "Change of the database layout - glpi_entities" @ 2016-04-28 20:25:42 [@VGODOY-LAPTOP]
0 seconds for "Change of the database layout - glpi_entities" @ 2016-04-28 20:25:42 [@VGODOY-LAPTOP]
0 seconds for "Change of the database layout - glpi_documentcategories" @ 2016-04-28 20:25:43 [@VGODOY-LAPTOP]
1 second for "Change of the database layout - glpi_configs" @ 2016-04-28 20:25:43 [@VGODOY-LAPTOP]
0 seconds for "Migración de data - RuleTicket" @ 2016-04-28 20:25:43 [@VGODOY-LAPTOP]
0 seconds for "Change of the database layout - glpi_ticketrecurrents" @ 2016-04-28 20:25:43 [@VGODOY-LAPTOP]
0 seconds for "Change of the database layout - glpi_items_deviceprocessors" @ 2016-04-28 20:25:43 [@VGODOY-LAPTOP]
0 seconds for "Change of the database layout - glpi_items_deviceprocessors" @ 2016-04-28 20:25:43 [@VGODOY-LAPTOP]
0 seconds for "Change of the database layout - glpi_items_devicememories" @ 2016-04-28 20:25:43 [@VGODOY-LAPTOP]
0 seconds for "Change of the database layout - glpi_items_devicememories" @ 2016-04-28 20:25:43 [@VGODOY-LAPTOP]
0 seconds for "Change of the database layout - glpi_items_deviceharddrives" @ 2016-04-28 20:25:43 [@VGODOY-LAPTOP]
0 seconds for "Change of the database layout - glpi_items_deviceharddrives" @ 2016-04-28 20:25:43 [@VGODOY-LAPTOP]
0 seconds for "Change of the database layout - glpi_items_devicegraphiccards" @ 2016-04-28 20:25:43 [@VGODOY-LAPTOP]
0 seconds for "Change of the database layout - glpi_items_devicegraphiccards" @ 2016-04-28 20:25:44 [@VGODOY-LAPTOP]
1 second for "Change of the database layout - glpi_items_devicenetworkcards" @ 2016-04-28 20:25:44 [@VGODOY-LAPTOP]
0 seconds for "Change of the database layout - glpi_items_devicenetworkcards" @ 2016-04-28 20:25:44 [@VGODOY-LAPTOP]
0 seconds for "Change of the database layout - glpi_items_devicesoundcards" @ 2016-04-28 20:25:44 [@VGODOY-LAPTOP]
0 seconds for "Change of the database layout - glpi_items_devicemotherboards" @ 2016-04-28 20:25:44 [@VGODOY-LAPTOP]
0 seconds for "Change of the database layout - glpi_items_devicedrives" @ 2016-04-28 20:25:44 [@VGODOY-LAPTOP]
0 seconds for "Change of the database layout - glpi_items_devicecontrols" @ 2016-04-28 20:25:44 [@VGODOY-LAPTOP]
0 seconds for "Change of the database layout - glpi_items_devicepcis" @ 2016-04-28 20:25:44 [@VGODOY-LAPTOP]
0 seconds for "Change of the database layout - glpi_items_devicecases" @ 2016-04-28 20:25:44 [@VGODOY-LAPTOP]
0 seconds for "Change of the database layout - glpi_items_devicepowersupplies" @ 2016-04-28 20:25:44 [@VGODOY-LAPTOP]
0 seconds for "Change of the database layout - glpi_computers_softwareversions" @ 2016-04-28 20:25:44 [@VGODOY-LAPTOP]
0 seconds for "Change of the database layout - glpi_computers_softwareversions" @ 2016-04-28 20:25:44 [@VGODOY-LAPTOP]
0 seconds for "Change of the database layout - glpi_computers_items" @ 2016-04-28 20:25:44 [@VGODOY-LAPTOP]
0 seconds for "Change of the database layout - glpi_computervirtualmachines" @ 2016-04-28 20:25:44 [@VGODOY-LAPTOP]
0 seconds for "Change of the database layout - glpi_computers_softwareversions" @ 2016-04-28 20:25:44 [@VGODOY-LAPTOP]
0 seconds for "Change of the database layout - glpi_computerdisks" @ 2016-04-28 20:25:44 [@VGODOY-LAPTOP]
0 seconds for "Change of the database layout - glpi_networkports" @ 2016-04-28 20:25:44 [@VGODOY-LAPTOP]
0 seconds for "Change of the database layout - glpi_computers_softwarelicenses" @ 2016-04-28 20:25:44 [@VGODOY-LAPTOP]
0 seconds for "Change of the database layout - glpi_ipaddresses" @ 2016-04-28 20:25:45 [@VGODOY-LAPTOP]
1 second for "Change of the database layout - glpi_items_devicemotherboards" @ 2016-04-28 20:25:45 [@VGODOY-LAPTOP]
0 seconds for "Change of the database layout - glpi_items_deviceprocessors" @ 2016-04-28 20:25:45 [@VGODOY-LAPTOP]
0 seconds for "Change of the database layout - glpi_items_devicememories" @ 2016-04-28 20:25:45 [@VGODOY-LAPTOP]
0 seconds for "Change of the database layout - glpi_items_deviceharddrives" @ 2016-04-28 20:25:45 [@VGODOY-LAPTOP]
0 seconds for "Change of the database layout - glpi_items_devicenetworkcards" @ 2016-04-28 20:25:45 [@VGODOY-LAPTOP]
0 seconds for "Change of the database layout - glpi_items_devicedrives" @ 2016-04-28 20:25:45 [@VGODOY-LAPTOP]
0 seconds for "Change of the database layout - glpi_items_devicecontrols" @ 2016-04-28 20:25:45 [@VGODOY-LAPTOP]
0 seconds for "Change of the database layout - glpi_items_devicegraphiccards" @ 2016-04-28 20:25:45 [@VGODOY-LAPTOP]
0 seconds for "Change of the database layout - glpi_items_devicesoundcards" @ 2016-04-28 20:25:45 [@VGODOY-LAPTOP]
0 seconds for "Change of the database layout - glpi_items_devicepcis" @ 2016-04-28 20:25:45 [@VGODOY-LAPTOP]
0 seconds for "Change of the database layout - glpi_items_devicecases" @ 2016-04-28 20:25:45 [@VGODOY-LAPTOP]
0 seconds for "Change of the database layout - glpi_items_devicepowersupplies" @ 2016-04-28 20:25:45 [@VGODOY-LAPTOP]
0 seconds for "Change of the database layout - glpi_computers" @ 2016-04-28 20:25:45 [@VGODOY-LAPTOP]
0 seconds for "Change of the database layout - glpi_computers_items" @ 2016-04-28 20:25:45 [@VGODOY-LAPTOP]
0 seconds for "Change of the database layout - glpi_computervirtualmachines" @ 2016-04-28 20:25:45 [@VGODOY-LAPTOP]
0 seconds for "Change of the database layout - glpi_computers_softwareversions" @ 2016-04-28 20:25:45 [@VGODOY-LAPTOP]
0 seconds for "Change of the database layout - glpi_computerdisks" @ 2016-04-28 20:25:45 [@VGODOY-LAPTOP]
0 seconds for "Change of the database layout - glpi_networkports" @ 2016-04-28 20:25:45 [@VGODOY-LAPTOP]
0 seconds for "Change of the database layout - glpi_computers_softwarelicenses" @ 2016-04-28 20:25:45 [@VGODOY-LAPTOP]
0 seconds for "Change of the database layout - glpi_ipaddresses" @ 2016-04-28 20:25:45 [@VGODOY-LAPTOP]
0 seconds for "Change of the database layout - glpi_items_devicemotherboards" @ 2016-04-28 20:25:45 [@VGODOY-LAPTOP]
0 seconds for "Change of the database layout - glpi_items_deviceprocessors" @ 2016-04-28 20:25:45 [@VGODOY-LAPTOP]
0 seconds for "Change of the database layout - glpi_items_devicememories" @ 2016-04-28 20:25:46 [@VGODOY-LAPTOP]
1 second for "Change of the database layout - glpi_items_deviceharddrives" @ 2016-04-28 20:25:46 [@VGODOY-LAPTOP]
0 seconds for "Change of the database layout - glpi_items_devicenetworkcards" @ 2016-04-28 20:25:46 [@VGODOY-LAPTOP]
0 seconds for "Change of the database layout - glpi_items_devicedrives" @ 2016-04-28 20:25:46 [@VGODOY-LAPTOP]
0 seconds for "Change of the database layout - glpi_items_devicecontrols" @ 2016-04-28 20:25:46 [@VGODOY-LAPTOP]
0 seconds for "Change of the database layout - glpi_items_devicegraphiccards" @ 2016-04-28 20:25:46 [@VGODOY-LAPTOP]
0 seconds for "Change of the database layout - glpi_items_devicesoundcards" @ 2016-04-28 20:25:46 [@VGODOY-LAPTOP]
0 seconds for "Change of the database layout - glpi_items_devicepcis" @ 2016-04-28 20:25:46 [@VGODOY-LAPTOP]
0 seconds for "Change of the database layout - glpi_items_devicecases" @ 2016-04-28 20:25:46 [@VGODOY-LAPTOP]
0 seconds for "Change of the database layout - glpi_items_devicepowersupplies" @ 2016-04-28 20:25:46 [@VGODOY-LAPTOP]
0 seconds for "Change of the database layout - glpi_printers" @ 2016-04-28 20:25:46 [@VGODOY-LAPTOP]
0 seconds for "Change of the database layout - glpi_phones" @ 2016-04-28 20:25:46 [@VGODOY-LAPTOP]
0 seconds for "Change of the database layout - glpi_peripherals" @ 2016-04-28 20:25:46 [@VGODOY-LAPTOP]
0 seconds for "Change of the database layout - glpi_networkequipments" @ 2016-04-28 20:25:46 [@VGODOY-LAPTOP]
0 seconds for "Change of the database layout - glpi_monitors" @ 2016-04-28 20:25:46 [@VGODOY-LAPTOP]
0 seconds for "Change of the database layout - glpi_profiles" @ 2016-04-28 20:25:46 [@VGODOY-LAPTOP]
0 seconds for "Change of the database layout - glpi_profiles" @ 2016-04-28 20:25:46 [@VGODOY-LAPTOP]
0 seconds for "Change of the database layout - glpi_profiles" @ 2016-04-28 20:25:46 [@VGODOY-LAPTOP]
0 seconds for "Change of the database layout - glpi_profiles" @ 2016-04-28 20:25:46 [@VGODOY-LAPTOP]
0 seconds for "Change of the database layout - glpi_profiles" @ 2016-04-28 20:25:46 [@VGODOY-LAPTOP]
0 seconds for "Migración de data - glpi_displaypreferences" @ 2016-04-28 20:25:46 [@VGODOY-LAPTOP]
0 seconds for "Change of the database layout - glpi_networkports_vlans" @ 2016-04-28 20:25:46 [@VGODOY-LAPTOP]
0 seconds for "Change of the database layout - glpi_vlans" @ 2016-04-28 20:25:46 [@VGODOY-LAPTOP]
0 seconds for "Change of the database layout - glpi_mailcollectors" @ 2016-04-28 20:25:46 [@VGODOY-LAPTOP]
0 seconds for "Change of the database layout - glpi_tickets" @ 2016-04-28 20:25:46 [@VGODOY-LAPTOP]
0 seconds for "Change of the database layout - glpi_problems" @ 2016-04-28 20:25:46 [@VGODOY-LAPTOP]
0 seconds for "Change of the database layout - glpi_softwarelicenses" @ 2016-04-28 20:25:46 [@VGODOY-LAPTOP]
0 seconds for "Change of the database layout - glpi_contracts" @ 2016-04-28 20:25:46 [@VGODOY-LAPTOP]
0 seconds for "Change of the database layout - glpi_users" @ 2016-04-28 20:25:46 [@VGODOY-LAPTOP]
0 seconds for "Change of the database layout - glpi_reservationitems" @ 2016-04-28 20:25:46 [@VGODOY-LAPTOP]
0 seconds for "Change of the database layout - glpi_documentcategories" @ 2016-04-28 20:25:46 [@VGODOY-LAPTOP]
0 seconds for "Change of the database layout - glpi_contacts" @ 2016-04-28 20:25:46 [@VGODOY-LAPTOP]
0 seconds for "Change of the database layout - glpi_slalevels" @ 2016-04-28 20:25:46 [@VGODOY-LAPTOP]
0 seconds for "Change of the database layout - glpi_configs" @ 2016-04-28 20:25:46 [@VGODOY-LAPTOP]
0 seconds for "Change of the database layout - glpi_rulecacheprinters" @ 2016-04-28 20:25:46 [@VGODOY-LAPTOP]
0 seconds for "Change of the database layout - glpi_rulecachesoftwares" @ 2016-04-28 20:25:46 [@VGODOY-LAPTOP]
0 seconds for "Change of the database layout - glpi_authldaps" @ 2016-04-28 20:25:46 [@VGODOY-LAPTOP]
0 seconds for "Change of the database layout - glpi_deviceprocessors" @ 2016-04-28 20:25:46 [@VGODOY-LAPTOP]
0 seconds for "Change of the database layout - glpi_devicememories" @ 2016-04-28 20:25:46 [@VGODOY-LAPTOP]
0 seconds for "Change of the database layout - glpi_deviceharddrives" @ 2016-04-28 20:25:46 [@VGODOY-LAPTOP]
0 seconds for "Change of the database layout - glpi_devicegraphiccards" @ 2016-04-28 20:25:46 [@VGODOY-LAPTOP]
0 seconds for "Change of the database layout - glpi_devicenetworkcards" @ 2016-04-28 20:25:46 [@VGODOY-LAPTOP]
0 seconds for "Change of the database layout - glpi_computers" @ 2016-04-28 20:25:46 [@VGODOY-LAPTOP]
0 seconds for "Change of the database layout - glpi_computers_items" @ 2016-04-28 20:25:46 [@VGODOY-LAPTOP]
0 seconds for "Change of the database layout - glpi_computervirtualmachines" @ 2016-04-28 20:25:46 [@VGODOY-LAPTOP]
0 seconds for "Change of the database layout - glpi_computers_softwareversions" @ 2016-04-28 20:25:46 [@VGODOY-LAPTOP]
0 seconds for "Change of the database layout - glpi_computerdisks" @ 2016-04-28 20:25:46 [@VGODOY-LAPTOP]
0 seconds for "Change of the database layout - glpi_networkports" @ 2016-04-28 20:25:46 [@VGODOY-LAPTOP]
0 seconds for "Change of the database layout - glpi_computers_softwarelicenses" @ 2016-04-28 20:25:46 [@VGODOY-LAPTOP]
0 seconds for "Change of the database layout - glpi_ipaddresses" @ 2016-04-28 20:25:46 [@VGODOY-LAPTOP]
0 seconds for "Change of the database layout - glpi_items_devicemotherboards" @ 2016-04-28 20:25:47 [@VGODOY-LAPTOP]
1 second for "Change of the database layout - glpi_items_deviceprocessors" @ 2016-04-28 20:25:47 [@VGODOY-LAPTOP]
0 seconds for "Change of the database layout - glpi_items_devicememories" @ 2016-04-28 20:25:47 [@VGODOY-LAPTOP]
0 seconds for "Change of the database layout - glpi_items_deviceharddrives" @ 2016-04-28 20:25:47 [@VGODOY-LAPTOP]
0 seconds for "Change of the database layout - glpi_items_devicenetworkcards" @ 2016-04-28 20:25:47 [@VGODOY-LAPTOP]
0 seconds for "Change of the database layout - glpi_items_devicedrives" @ 2016-04-28 20:25:47 [@VGODOY-LAPTOP]
0 seconds for "Change of the database layout - glpi_items_devicecontrols" @ 2016-04-28 20:25:47 [@VGODOY-LAPTOP]
0 seconds for "Change of the database layout - glpi_items_devicegraphiccards" @ 2016-04-28 20:25:47 [@VGODOY-LAPTOP]
0 seconds for "Change of the database layout - glpi_items_devicesoundcards" @ 2016-04-28 20:25:47 [@VGODOY-LAPTOP]
0 seconds for "Change of the database layout - glpi_items_devicepcis" @ 2016-04-28 20:25:47 [@VGODOY-LAPTOP]
0 seconds for "Change of the database layout - glpi_items_devicecases" @ 2016-04-28 20:25:47 [@VGODOY-LAPTOP]
0 seconds for "Change of the database layout - glpi_items_devicepowersupplies" @ 2016-04-28 20:25:47 [@VGODOY-LAPTOP]
0 seconds for "Change of the database layout - glpi_printers" @ 2016-04-28 20:25:47 [@VGODOY-LAPTOP]
0 seconds for "Change of the database layout - glpi_phones" @ 2016-04-28 20:25:47 [@VGODOY-LAPTOP]
0 seconds for "Change of the database layout - glpi_peripherals" @ 2016-04-28 20:25:47 [@VGODOY-LAPTOP]
0 seconds for "Change of the database layout - glpi_networkequipments" @ 2016-04-28 20:25:47 [@VGODOY-LAPTOP]
0 seconds for "Change of the database layout - glpi_monitors" @ 2016-04-28 20:25:47 [@VGODOY-LAPTOP]
0 seconds for "Change of the database layout - glpi_profiles" @ 2016-04-28 20:25:47 [@VGODOY-LAPTOP]
0 seconds for "Change of the database layout - glpi_tickettemplatepredefinedfields" @ 2016-04-28 20:25:47 [@VGODOY-LAPTOP]
0 seconds for "Change of the database layout - glpi_tickettemplatemandatoryfields" @ 2016-04-28 20:25:47 [@VGODOY-LAPTOP]
0 seconds for "Change of the database layout - glpi_tickettemplatehiddenfields" @ 2016-04-28 20:25:47 [@VGODOY-LAPTOP]
0 seconds for "Proceso terminado" @ 2016-05-02 17:16:10 [@VGODOY-LAPTOP]
0 seconds for "Change of the database layout - glpi_profiles" @ 2016-05-02 17:16:10 [@VGODOY-LAPTOP]
0 seconds for "Migración de data - Network framework" @ 2016-05-02 17:16:10 [@VGODOY-LAPTOP]
0 seconds for "Change of the database layout - glpi_networkportmigrations" @ 2016-05-02 17:16:10 [@VGODOY-LAPTOP]
0 seconds for "Migración de data - glpi_fqdns" @ 2016-05-02 17:16:10 [@VGODOY-LAPTOP]
0 seconds for "Migración de data - glpi_ipaddresses" @ 2016-05-02 17:16:10 [@VGODOY-LAPTOP]
0 seconds for "Change of the database layout - glpi_wifinetworks" @ 2016-05-02 17:16:10 [@VGODOY-LAPTOP]
0 seconds for "Migración de data - glpi_ipnetworks" @ 2016-05-02 17:16:10 [@VGODOY-LAPTOP]
0 seconds for "Migración de data - glpi_ipnetworks_vlans" @ 2016-05-02 17:16:10 [@VGODOY-LAPTOP]
0 seconds for "Migración de data - glpi_networknames" @ 2016-05-02 17:16:10 [@VGODOY-LAPTOP]
0 seconds for "Change of the database layout - glpi_networkaliases" @ 2016-05-02 17:16:11 [@VGODOY-LAPTOP]
0 seconds for "Migración de data - glpi_ipaddresses_ipnetworks" @ 2016-05-02 17:16:11 [@VGODOY-LAPTOP]
0 seconds for "Change of the database layout - glpi_networkinterfaces" @ 2016-05-02 17:16:11 [@VGODOY-LAPTOP]
0 seconds for "Change of the database layout - glpi_networkports" @ 2016-05-02 17:16:11 [@VGODOY-LAPTOP]
0 seconds for "Migración de data - glpi_networkports" @ 2016-05-02 17:16:11 [@VGODOY-LAPTOP]
0 seconds for "Migración de data - Index mac field and transform address mac to lower" @ 2016-05-02 17:16:11 [@VGODOY-LAPTOP]
0 seconds for "Migración de data - Update migration of interfaces errors" @ 2016-05-02 17:16:11 [@VGODOY-LAPTOP]
0 seconds for "Change of the database layout - glpi_networkportethernets" @ 2016-05-02 17:16:11 [@VGODOY-LAPTOP]
0 seconds for "Change of the database layout - glpi_networkportwifis" @ 2016-05-02 17:16:11 [@VGODOY-LAPTOP]
0 seconds for "Change of the database layout - glpi_networkportlocals" @ 2016-05-02 17:16:11 [@VGODOY-LAPTOP]
0 seconds for "Change of the database layout - glpi_networkportdialups" @ 2016-05-02 17:16:11 [@VGODOY-LAPTOP]
0 seconds for "Change of the database layout - glpi_networkportaggregates" @ 2016-05-02 17:16:11 [@VGODOY-LAPTOP]
0 seconds for "Change of the database layout - glpi_networkportaliases" @ 2016-05-02 17:16:11 [@VGODOY-LAPTOP]
0 seconds for "Change of the database layout - glpi_vlans" @ 2016-05-02 17:16:11 [@VGODOY-LAPTOP]
0 seconds for "Migración de data - Update connections between IPAddress and IPNetwork" @ 2016-05-02 17:16:11 [@VGODOY-LAPTOP]
0 seconds for "Change of the database layout - Drop table glpi_networkportmigrations if empty" @ 2016-05-02 17:16:11 [@VGODOY-LAPTOP]
0 seconds for "Change of the database layout - glpi_networkequipments" @ 2016-05-02 17:16:11 [@VGODOY-LAPTOP]
0 seconds for "Migración de data - tickets and problems status" @ 2016-05-02 17:16:11 [@VGODOY-LAPTOP]
0 seconds for "Change of the database layout - Merge entity and entitydatas" @ 2016-05-02 17:16:11 [@VGODOY-LAPTOP]
0 seconds for "Change of the database layout - glpi_entities" @ 2016-05-02 17:16:12 [@VGODOY-LAPTOP]
1 second for "Change of the database layout - glpi_entities" @ 2016-05-02 17:16:12 [@VGODOY-LAPTOP]
0 seconds for "Migración de data - copy entity information to computers_softwareversions" @ 2016-05-02 17:16:12 [@VGODOY-LAPTOP]
0 seconds for "Change of the database layout - glpi_computers_softwareversions" @ 2016-05-02 17:16:12 [@VGODOY-LAPTOP]
0 seconds for "Migración de data - create validation_answer notification" @ 2016-05-02 17:16:12 [@VGODOY-LAPTOP]
0 seconds for "Migración de data - create contracts notification" @ 2016-05-02 17:16:12 [@VGODOY-LAPTOP]
0 seconds for "Change of the database layout - contract and ticket costs" @ 2016-05-02 17:16:12 [@VGODOY-LAPTOP]
0 seconds for "Change of the database layout - glpi_profiles" @ 2016-05-02 17:16:12 [@VGODOY-LAPTOP]
0 seconds for "Change of the database layout - rss flows" @ 2016-05-02 17:16:12 [@VGODOY-LAPTOP]
0 seconds for "Change of the database layout - planning recalls" @ 2016-05-02 17:16:12 [@VGODOY-LAPTOP]
0 seconds for "Change of the database layout - various fields" @ 2016-05-02 17:16:12 [@VGODOY-LAPTOP]
0 seconds for "Change of the database layout - glpi_entities" @ 2016-05-02 17:16:12 [@VGODOY-LAPTOP]
0 seconds for "Change of the database layout - glpi_entities" @ 2016-05-02 17:16:12 [@VGODOY-LAPTOP]
0 seconds for "Change of the database layout - glpi_entities" @ 2016-05-02 17:16:12 [@VGODOY-LAPTOP]
0 seconds for "Change of the database layout - glpi_entities" @ 2016-05-02 17:16:13 [@VGODOY-LAPTOP]
1 second for "Change of the database layout - glpi_entities" @ 2016-05-02 17:16:13 [@VGODOY-LAPTOP]
0 seconds for "Change of the database layout - glpi_documentcategories" @ 2016-05-02 17:16:14 [@VGODOY-LAPTOP]
1 second for "Change of the database layout - glpi_configs" @ 2016-05-02 17:16:14 [@VGODOY-LAPTOP]
0 seconds for "Migración de data - RuleTicket" @ 2016-05-02 17:16:15 [@VGODOY-LAPTOP]
1 second for "Change of the database layout - glpi_ticketrecurrents" @ 2016-05-02 17:16:15 [@VGODOY-LAPTOP]
0 seconds for "Change of the database layout - glpi_items_deviceprocessors" @ 2016-05-02 17:16:15 [@VGODOY-LAPTOP]
0 seconds for "Change of the database layout - glpi_items_deviceprocessors" @ 2016-05-02 17:16:15 [@VGODOY-LAPTOP]
0 seconds for "Change of the database layout - glpi_items_devicememories" @ 2016-05-02 17:16:15 [@VGODOY-LAPTOP]
0 seconds for "Change of the database layout - glpi_items_devicememories" @ 2016-05-02 17:16:15 [@VGODOY-LAPTOP]
0 seconds for "Change of the database layout - glpi_items_deviceharddrives" @ 2016-05-02 17:16:15 [@VGODOY-LAPTOP]
0 seconds for "Change of the database layout - glpi_items_deviceharddrives" @ 2016-05-02 17:16:15 [@VGODOY-LAPTOP]
0 seconds for "Change of the database layout - glpi_items_devicegraphiccards" @ 2016-05-02 17:16:15 [@VGODOY-LAPTOP]
0 seconds for "Change of the database layout - glpi_items_devicegraphiccards" @ 2016-05-02 17:16:15 [@VGODOY-LAPTOP]
0 seconds for "Change of the database layout - glpi_items_devicenetworkcards" @ 2016-05-02 17:16:15 [@VGODOY-LAPTOP]
0 seconds for "Change of the database layout - glpi_items_devicenetworkcards" @ 2016-05-02 17:16:15 [@VGODOY-LAPTOP]
0 seconds for "Change of the database layout - glpi_items_devicesoundcards" @ 2016-05-02 17:16:15 [@VGODOY-LAPTOP]
0 seconds for "Change of the database layout - glpi_items_devicemotherboards" @ 2016-05-02 17:16:15 [@VGODOY-LAPTOP]
0 seconds for "Change of the database layout - glpi_items_devicedrives" @ 2016-05-02 17:16:16 [@VGODOY-LAPTOP]
1 second for "Change of the database layout - glpi_items_devicecontrols" @ 2016-05-02 17:16:16 [@VGODOY-LAPTOP]
0 seconds for "Change of the database layout - glpi_items_devicepcis" @ 2016-05-02 17:16:16 [@VGODOY-LAPTOP]
0 seconds for "Change of the database layout - glpi_items_devicecases" @ 2016-05-02 17:16:16 [@VGODOY-LAPTOP]
0 seconds for "Change of the database layout - glpi_items_devicepowersupplies" @ 2016-05-02 17:16:16 [@VGODOY-LAPTOP]
0 seconds for "Change of the database layout - glpi_computers_softwareversions" @ 2016-05-02 17:16:16 [@VGODOY-LAPTOP]
0 seconds for "Change of the database layout - glpi_computers_softwareversions" @ 2016-05-02 17:16:16 [@VGODOY-LAPTOP]
0 seconds for "Change of the database layout - glpi_computers_items" @ 2016-05-02 17:16:16 [@VGODOY-LAPTOP]
0 seconds for "Change of the database layout - glpi_computervirtualmachines" @ 2016-05-02 17:16:16 [@VGODOY-LAPTOP]
0 seconds for "Change of the database layout - glpi_computers_softwareversions" @ 2016-05-02 17:16:16 [@VGODOY-LAPTOP]
0 seconds for "Change of the database layout - glpi_computerdisks" @ 2016-05-02 17:16:16 [@VGODOY-LAPTOP]
0 seconds for "Change of the database layout - glpi_networkports" @ 2016-05-02 17:16:16 [@VGODOY-LAPTOP]
0 seconds for "Change of the database layout - glpi_computers_softwarelicenses" @ 2016-05-02 17:16:16 [@VGODOY-LAPTOP]
0 seconds for "Change of the database layout - glpi_ipaddresses" @ 2016-05-02 17:16:16 [@VGODOY-LAPTOP]
0 seconds for "Change of the database layout - glpi_items_devicemotherboards" @ 2016-05-02 17:16:16 [@VGODOY-LAPTOP]
0 seconds for "Change of the database layout - glpi_items_deviceprocessors" @ 2016-05-02 17:16:16 [@VGODOY-LAPTOP]
0 seconds for "Change of the database layout - glpi_items_devicememories" @ 2016-05-02 17:16:17 [@VGODOY-LAPTOP]
1 second for "Change of the database layout - glpi_items_deviceharddrives" @ 2016-05-02 17:16:17 [@VGODOY-LAPTOP]
0 seconds for "Change of the database layout - glpi_items_devicenetworkcards" @ 2016-05-02 17:16:17 [@VGODOY-LAPTOP]
0 seconds for "Change of the database layout - glpi_items_devicedrives" @ 2016-05-02 17:16:17 [@VGODOY-LAPTOP]
0 seconds for "Change of the database layout - glpi_items_devicecontrols" @ 2016-05-02 17:16:17 [@VGODOY-LAPTOP]
0 seconds for "Change of the database layout - glpi_items_devicegraphiccards" @ 2016-05-02 17:16:17 [@VGODOY-LAPTOP]
0 seconds for "Change of the database layout - glpi_items_devicesoundcards" @ 2016-05-02 17:16:17 [@VGODOY-LAPTOP]
0 seconds for "Change of the database layout - glpi_items_devicepcis" @ 2016-05-02 17:16:17 [@VGODOY-LAPTOP]
0 seconds for "Change of the database layout - glpi_items_devicecases" @ 2016-05-02 17:16:17 [@VGODOY-LAPTOP]
0 seconds for "Change of the database layout - glpi_items_devicepowersupplies" @ 2016-05-02 17:16:17 [@VGODOY-LAPTOP]
0 seconds for "Change of the database layout - glpi_computers" @ 2016-05-02 17:16:17 [@VGODOY-LAPTOP]
0 seconds for "Change of the database layout - glpi_computers_items" @ 2016-05-02 17:16:17 [@VGODOY-LAPTOP]
0 seconds for "Change of the database layout - glpi_computervirtualmachines" @ 2016-05-02 17:16:17 [@VGODOY-LAPTOP]
0 seconds for "Change of the database layout - glpi_computers_softwareversions" @ 2016-05-02 17:16:17 [@VGODOY-LAPTOP]
0 seconds for "Change of the database layout - glpi_computerdisks" @ 2016-05-02 17:16:17 [@VGODOY-LAPTOP]
0 seconds for "Change of the database layout - glpi_networkports" @ 2016-05-02 17:16:17 [@VGODOY-LAPTOP]
0 seconds for "Change of the database layout - glpi_computers_softwarelicenses" @ 2016-05-02 17:16:17 [@VGODOY-LAPTOP]
0 seconds for "Change of the database layout - glpi_ipaddresses" @ 2016-05-02 17:16:17 [@VGODOY-LAPTOP]
0 seconds for "Change of the database layout - glpi_items_devicemotherboards" @ 2016-05-02 17:16:17 [@VGODOY-LAPTOP]
0 seconds for "Change of the database layout - glpi_items_deviceprocessors" @ 2016-05-02 17:16:17 [@VGODOY-LAPTOP]
0 seconds for "Change of the database layout - glpi_items_devicememories" @ 2016-05-02 17:16:17 [@VGODOY-LAPTOP]
0 seconds for "Change of the database layout - glpi_items_deviceharddrives" @ 2016-05-02 17:16:17 [@VGODOY-LAPTOP]
0 seconds for "Change of the database layout - glpi_items_devicenetworkcards" @ 2016-05-02 17:16:17 [@VGODOY-LAPTOP]
0 seconds for "Change of the database layout - glpi_items_devicedrives" @ 2016-05-02 17:16:17 [@VGODOY-LAPTOP]
0 seconds for "Change of the database layout - glpi_items_devicecontrols" @ 2016-05-02 17:16:17 [@VGODOY-LAPTOP]
0 seconds for "Change of the database layout - glpi_items_devicegraphiccards" @ 2016-05-02 17:16:17 [@VGODOY-LAPTOP]
0 seconds for "Change of the database layout - glpi_items_devicesoundcards" @ 2016-05-02 17:16:17 [@VGODOY-LAPTOP]
0 seconds for "Change of the database layout - glpi_items_devicepcis" @ 2016-05-02 17:16:17 [@VGODOY-LAPTOP]
0 seconds for "Change of the database layout - glpi_items_devicecases" @ 2016-05-02 17:16:18 [@VGODOY-LAPTOP]
1 second for "Change of the database layout - glpi_items_devicepowersupplies" @ 2016-05-02 17:16:18 [@VGODOY-LAPTOP]
0 seconds for "Change of the database layout - glpi_printers" @ 2016-05-02 17:16:18 [@VGODOY-LAPTOP]
0 seconds for "Change of the database layout - glpi_phones" @ 2016-05-02 17:16:18 [@VGODOY-LAPTOP]
0 seconds for "Change of the database layout - glpi_peripherals" @ 2016-05-02 17:16:18 [@VGODOY-LAPTOP]
0 seconds for "Change of the database layout - glpi_networkequipments" @ 2016-05-02 17:16:18 [@VGODOY-LAPTOP]
0 seconds for "Change of the database layout - glpi_monitors" @ 2016-05-02 17:16:18 [@VGODOY-LAPTOP]
0 seconds for "Change of the database layout - glpi_profiles" @ 2016-05-02 17:16:18 [@VGODOY-LAPTOP]
0 seconds for "Change of the database layout - glpi_profiles" @ 2016-05-02 17:16:18 [@VGODOY-LAPTOP]
0 seconds for "Change of the database layout - glpi_profiles" @ 2016-05-02 17:16:18 [@VGODOY-LAPTOP]
0 seconds for "Change of the database layout - glpi_profiles" @ 2016-05-02 17:16:18 [@VGODOY-LAPTOP]
0 seconds for "Change of the database layout - glpi_profiles" @ 2016-05-02 17:16:18 [@VGODOY-LAPTOP]
0 seconds for "Migración de data - glpi_displaypreferences" @ 2016-05-02 17:16:18 [@VGODOY-LAPTOP]
0 seconds for "Change of the database layout - glpi_networkports_vlans" @ 2016-05-02 17:16:19 [@VGODOY-LAPTOP]
1 second for "Change of the database layout - glpi_vlans" @ 2016-05-02 17:16:19 [@VGODOY-LAPTOP]
0 seconds for "Change of the database layout - glpi_mailcollectors" @ 2016-05-02 17:16:19 [@VGODOY-LAPTOP]
0 seconds for "Change of the database layout - glpi_tickets" @ 2016-05-02 17:16:19 [@VGODOY-LAPTOP]
0 seconds for "Change of the database layout - glpi_problems" @ 2016-05-02 17:16:19 [@VGODOY-LAPTOP]
0 seconds for "Change of the database layout - glpi_softwarelicenses" @ 2016-05-02 17:16:19 [@VGODOY-LAPTOP]
0 seconds for "Change of the database layout - glpi_contracts" @ 2016-05-02 17:16:19 [@VGODOY-LAPTOP]
0 seconds for "Change of the database layout - glpi_users" @ 2016-05-02 17:16:19 [@VGODOY-LAPTOP]
0 seconds for "Change of the database layout - glpi_reservationitems" @ 2016-05-02 17:16:19 [@VGODOY-LAPTOP]
0 seconds for "Change of the database layout - glpi_documentcategories" @ 2016-05-02 17:16:19 [@VGODOY-LAPTOP]
0 seconds for "Change of the database layout - glpi_contacts" @ 2016-05-02 17:16:19 [@VGODOY-LAPTOP]
0 seconds for "Change of the database layout - glpi_slalevels" @ 2016-05-02 17:16:19 [@VGODOY-LAPTOP]
0 seconds for "Change of the database layout - glpi_configs" @ 2016-05-02 17:16:19 [@VGODOY-LAPTOP]
0 seconds for "Change of the database layout - glpi_rulecacheprinters" @ 2016-05-02 17:16:19 [@VGODOY-LAPTOP]
0 seconds for "Change of the database layout - glpi_rulecachesoftwares" @ 2016-05-02 17:16:19 [@VGODOY-LAPTOP]
0 seconds for "Change of the database layout - glpi_authldaps" @ 2016-05-02 17:16:19 [@VGODOY-LAPTOP]
0 seconds for "Change of the database layout - glpi_deviceprocessors" @ 2016-05-02 17:16:19 [@VGODOY-LAPTOP]
0 seconds for "Change of the database layout - glpi_devicememories" @ 2016-05-02 17:16:19 [@VGODOY-LAPTOP]
0 seconds for "Change of the database layout - glpi_deviceharddrives" @ 2016-05-02 17:16:19 [@VGODOY-LAPTOP]
0 seconds for "Change of the database layout - glpi_devicegraphiccards" @ 2016-05-02 17:16:19 [@VGODOY-LAPTOP]
0 seconds for "Change of the database layout - glpi_devicenetworkcards" @ 2016-05-02 17:16:19 [@VGODOY-LAPTOP]
0 seconds for "Change of the database layout - glpi_computers" @ 2016-05-02 17:16:19 [@VGODOY-LAPTOP]
0 seconds for "Change of the database layout - glpi_computers_items" @ 2016-05-02 17:16:19 [@VGODOY-LAPTOP]
0 seconds for "Change of the database layout - glpi_computervirtualmachines" @ 2016-05-02 17:16:19 [@VGODOY-LAPTOP]
0 seconds for "Change of the database layout - glpi_computers_softwareversions" @ 2016-05-02 17:16:19 [@VGODOY-LAPTOP]
0 seconds for "Change of the database layout - glpi_computerdisks" @ 2016-05-02 17:16:19 [@VGODOY-LAPTOP]
0 seconds for "Change of the database layout - glpi_networkports" @ 2016-05-02 17:16:19 [@VGODOY-LAPTOP]
0 seconds for "Change of the database layout - glpi_computers_softwarelicenses" @ 2016-05-02 17:16:19 [@VGODOY-LAPTOP]
0 seconds for "Change of the database layout - glpi_ipaddresses" @ 2016-05-02 17:16:19 [@VGODOY-LAPTOP]
0 seconds for "Change of the database layout - glpi_items_devicemotherboards" @ 2016-05-02 17:16:19 [@VGODOY-LAPTOP]
0 seconds for "Change of the database layout - glpi_items_deviceprocessors" @ 2016-05-02 17:16:19 [@VGODOY-LAPTOP]
0 seconds for "Change of the database layout - glpi_items_devicememories" @ 2016-05-02 17:16:19 [@VGODOY-LAPTOP]
0 seconds for "Change of the database layout - glpi_items_deviceharddrives" @ 2016-05-02 17:16:19 [@VGODOY-LAPTOP]
0 seconds for "Change of the database layout - glpi_items_devicenetworkcards" @ 2016-05-02 17:16:19 [@VGODOY-LAPTOP]
0 seconds for "Change of the database layout - glpi_items_devicedrives" @ 2016-05-02 17:16:19 [@VGODOY-LAPTOP]
0 seconds for "Change of the database layout - glpi_items_devicecontrols" @ 2016-05-02 17:16:19 [@VGODOY-LAPTOP]
0 seconds for "Change of the database layout - glpi_items_devicegraphiccards" @ 2016-05-02 17:16:19 [@VGODOY-LAPTOP]
0 seconds for "Change of the database layout - glpi_items_devicesoundcards" @ 2016-05-02 17:16:19 [@VGODOY-LAPTOP]
0 seconds for "Change of the database layout - glpi_items_devicepcis" @ 2016-05-02 17:16:19 [@VGODOY-LAPTOP]
0 seconds for "Change of the database layout - glpi_items_devicecases" @ 2016-05-02 17:16:19 [@VGODOY-LAPTOP]
0 seconds for "Change of the database layout - glpi_items_devicepowersupplies" @ 2016-05-02 17:16:19 [@VGODOY-LAPTOP]
0 seconds for "Change of the database layout - glpi_printers" @ 2016-05-02 17:16:19 [@VGODOY-LAPTOP]
0 seconds for "Change of the database layout - glpi_phones" @ 2016-05-02 17:16:19 [@VGODOY-LAPTOP]
0 seconds for "Change of the database layout - glpi_peripherals" @ 2016-05-02 17:16:19 [@VGODOY-LAPTOP]
0 seconds for "Change of the database layout - glpi_networkequipments" @ 2016-05-02 17:16:19 [@VGODOY-LAPTOP]
0 seconds for "Change of the database layout - glpi_monitors" @ 2016-05-02 17:16:19 [@VGODOY-LAPTOP]
0 seconds for "Change of the database layout - glpi_profiles" @ 2016-05-02 17:16:19 [@VGODOY-LAPTOP]
0 seconds for "Change of the database layout - glpi_tickettemplatepredefinedfields" @ 2016-05-02 17:16:19 [@VGODOY-LAPTOP]
0 seconds for "Change of the database layout - glpi_tickettemplatemandatoryfields" @ 2016-05-02 17:16:19 [@VGODOY-LAPTOP]
0 seconds for "Change of the database layout - glpi_tickettemplatehiddenfields" @ 2016-05-02 17:16:19 [@VGODOY-LAPTOP]
0 seconds for "Proceso terminado" @ 