2016-04-28 20:25:47 [@VGODOY-LAPTOP]
0 seconds for "Migración de data - config table" @ 2016-04-28 20:25:47 [@VGODOY-LAPTOP]
0 seconds for "Change of the database layout - glpi_configs" @ 2016-04-28 20:25:47 [@VGODOY-LAPTOP]
0 seconds for "Change of the database layout - glpi_configs" @ 2016-04-28 20:25:47 [@VGODOY-LAPTOP]
0 seconds for "Change of the database layout - glpi_configs" @ 2016-04-28 20:25:48 [@VGODOY-LAPTOP]
1 second for "Change of the database layout - glpi_configs" @ 2016-04-28 20:25:49 [@VGODOY-LAPTOP]
1 second for "Change of the database layout - glpi_configs" @ 2016-04-28 20:25:49 [@VGODOY-LAPTOP]
0 seconds for "Change of the database layout - glpi_configs" @ 2016-04-28 20:25:49 [@VGODOY-LAPTOP]
0 seconds for "Migración de data - profile table" @ 2016-04-28 20:25:50 [@VGODOY-LAPTOP]
1 second for "Change of the database layout - glpi_profiles" @ 2016-04-28 20:25:50 [@VGODOY-LAPTOP]
0 seconds for "Update for mailqueue" @ 2016-04-28 20:25:50 [@VGODOY-LAPTOP]
0 seconds for "Change of the database layout - glpi_entities" @ 2016-04-28 20:25:50 [@VGODOY-LAPTOP]
0 seconds for "Change of the database layout - Change" @ 2016-04-28 20:25:50 [@VGODOY-LAPTOP]
0 seconds for "Migración de data - drop rules cache" @ 2016-04-28 20:25:50 [@VGODOY-LAPTOP]
0 seconds for "Migración de data - glpi_rules" @ 2016-04-28 20:25:50 [@VGODOY-LAPTOP]
0 seconds for "Change of the database layout - glpi_rules" @ 2016-04-28 20:25:50 [@VGODOY-LAPTOP]
0 seconds for "Change of the database layout - glpi_slalevels" @ 2016-04-28 20:25:50 [@VGODOY-LAPTOP]
0 seconds for "Migración de data - glpi_knowbaseitemtranslations" @ 2016-04-28 20:25:50 [@VGODOY-LAPTOP]
0 seconds for "Migración de data - glpi_dropdowntranslations" @ 2016-04-28 20:25:50 [@VGODOY-LAPTOP]
0 seconds for "Migración de data - glpi_states" @ 2016-04-28 20:25:50 [@VGODOY-LAPTOP]
0 seconds for "Change of the database layout - glpi_domains" @ 2016-04-28 20:25:50 [@VGODOY-LAPTOP]
0 seconds for "Change of the database layout - glpi_states" @ 2016-04-28 20:25:50 [@VGODOY-LAPTOP]
0 seconds for "Migración de data - glpi_slas" @ 2016-04-28 20:25:50 [@VGODOY-LAPTOP]
0 seconds for "Change of the database layout - glpi_slas" @ 2016-04-28 20:25:50 [@VGODOY-LAPTOP]
0 seconds for "Migración de data - glpi_documents" @ 2016-04-28 20:25:50 [@VGODOY-LAPTOP]
0 seconds for "Change of the database layout - glpi_documents" @ 2016-04-28 20:25:51 [@VGODOY-LAPTOP]
1 second for "Migración de data - glpi_softwarecategories" @ 2016-04-28 20:25:51 [@VGODOY-LAPTOP]
0 seconds for "Change of the database layout - glpi_softwarecategories" @ 2016-04-28 20:25:51 [@VGODOY-LAPTOP]
0 seconds for "Change of the database layout - various" @ 2016-04-28 20:25:51 [@VGODOY-LAPTOP]
0 seconds for "Change of the database layout - glpi_consumableitems" @ 2016-04-28 20:25:51 [@VGODOY-LAPTOP]
0 seconds for "Change of the database layout - glpi_cartridgeitems" @ 2016-04-28 20:25:51 [@VGODOY-LAPTOP]
0 seconds for "Migración de data - glpi_projects" @ 2016-04-28 20:25:51 [@VGODOY-LAPTOP]
0 seconds for "Change of the database layout - glpi_groups" @ 2016-04-28 20:25:51 [@VGODOY-LAPTOP]
0 seconds for "Migración de data - notepad" @ 2016-04-28 20:25:51 [@VGODOY-LAPTOP]
0 seconds for "Migración de data - ticketvalidations status" @ 2016-04-28 20:25:51 [@VGODOY-LAPTOP]
0 seconds for "Migración de data - tickets and changes global_validation" @ 2016-04-28 20:25:51 [@VGODOY-LAPTOP]
0 seconds for "Migración de data - tickettemplatepredefinedfields value" @ 2016-04-28 20:25:51 [@VGODOY-LAPTOP]
0 seconds for "Migración de data - Devices" @ 2016-04-28 20:25:51 [@VGODOY-LAPTOP]
0 seconds for "Change of the database layout - glpi_devicemotherboards" @ 2016-04-28 20:25:51 [@VGODOY-LAPTOP]
0 seconds for "Change of the database layout - glpi_deviceprocessors" @ 2016-04-28 20:25:51 [@VGODOY-LAPTOP]
0 seconds for "Change of the database layout - glpi_devicememories" @ 2016-04-28 20:25:51 [@VGODOY-LAPTOP]
0 seconds for "Change of the database layout - glpi_deviceharddrives" @ 2016-04-28 20:25:51 [@VGODOY-LAPTOP]
0 seconds for "Change of the database layout - glpi_devicenetworkcards" @ 2016-04-28 20:25:51 [@VGODOY-LAPTOP]
0 seconds for "Change of the database layout - glpi_devicedrives" @ 2016-04-28 20:25:51 [@VGODOY-LAPTOP]
0 seconds for "Change of the database layout - glpi_devicecontrols" @ 2016-04-28 20:25:51 [@VGODOY-LAPTOP]
0 seconds for "Change of the database layout - glpi_devicegraphiccards" @ 2016-04-28 20:25:51 [@VGODOY-LAPTOP]
0 seconds for "Change of the database layout - glpi_devicesoundcards" @ 2016-04-28 20:25:51 [@VGODOY-LAPTOP]
0 seconds for "Change of the database layout - glpi_devicepcis" @ 2016-04-28 20:25:52 [@VGODOY-LAPTOP]
1 second for "Change of the database layout - glpi_devicecases" @ 2016-04-28 20:25:52 [@VGODOY-LAPTOP]
0 seconds for "Change of the database layout - glpi_devicepowersupplies" @ 2016-04-28 20:25:52 [@VGODOY-LAPTOP]
0 seconds for "Change of the database layout - glpi_items_devicemotherboards" @ 2016-04-28 20:25:52 [@VGODOY-LAPTOP]
0 seconds for "Change of the database layout - glpi_items_deviceprocessors" @ 2016-04-28 20:25:52 [@VGODOY-LAPTOP]
0 seconds for "Change of the database layout - glpi_items_devicememories" @ 2016-04-28 20:25:52 [@VGODOY-LAPTOP]
0 seconds for "Change of the database layout - glpi_items_deviceharddrives" @ 2016-04-28 20:25:52 [@VGODOY-LAPTOP]
0 seconds for "Change of the database layout - glpi_items_devicenetworkcards" @ 2016-04-28 20:25:52 [@VGODOY-LAPTOP]
0 seconds for "Change of the database layout - glpi_items_devicedrives" @ 2016-04-28 20:25:52 [@VGODOY-LAPTOP]
0 seconds for "Change of the database layout - glpi_items_devicecontrols" @ 2016-04-28 20:25:52 [@VGODOY-LAPTOP]
0 seconds for "Change of the database layout - glpi_items_devicegraphiccards" @ 2016-04-28 20:25:52 [@VGODOY-LAPTOP]
0 seconds for "Change of the database layout - glpi_items_devicesoundcards" @ 2016-04-28 20:25:52 [@VGODOY-LAPTOP]
0 seconds for "Change of the database layout - glpi_items_devicepcis" @ 2016-04-28 20:25:52 [@VGODOY-LAPTOP]
0 seconds for "Change of the database layout - glpi_items_devicecases" @ 2016-04-28 20:25:52 [@VGODOY-LAPTOP]
0 seconds for "Change of the database layout - glpi_items_devicepowersupplies" @ 2016-04-28 20:25:52 [@VGODOY-LAPTOP]
0 seconds for "Change of the database layout - glpi_items_devicecases" @ 2016-04-28 20:25:52 [@VGODOY-LAPTOP]
0 seconds for "Change of the database layout - glpi_items_devicecontrols" @ 2016-04-28 20:25:52 [@VGODOY-LAPTOP]
0 seconds for "Change of the database layout - glpi_items_devicedrives" @ 2016-04-28 20:25:52 [@VGODOY-LAPTOP]
0 seconds for "Change of the database layout - glpi_items_devicegraphiccards" @ 2016-04-28 20:25:52 [@VGODOY-LAPTOP]
0 seconds for "Change of the database layout - glpi_items_deviceharddrives" @ 2016-04-28 20:25:52 [@VGODOY-LAPTOP]
0 seconds for "Change of the database layout - glpi_items_devicememories" @ 2016-04-28 20:25:53 [@VGODOY-LAPTOP]
1 second for "Change of the database layout - glpi_items_devicemotherboards" @ 2016-04-28 20:25:53 [@VGODOY-LAPTOP]
0 seconds for "Change of the database layout - glpi_items_devicenetworkcards" @ 2016-04-28 20:25:53 [@VGODOY-LAPTOP]
0 seconds for "Change of the database layout - glpi_items_devicepcis" @ 2016-04-28 20:25:53 [@VGODOY-LAPTOP]
0 seconds for "Change of the database layout - glpi_items_devicepowersupplies" @ 2016-04-28 20:25:53 [@VGODOY-LAPTOP]
0 seconds for "Change of the database layout - glpi_items_deviceprocessors" @ 2016-04-28 20:25:53 [@VGODOY-LAPTOP]
0 seconds for "Change of the database layout - glpi_items_devicesoundcards" @ 2016-04-28 20:25:53 [@VGODOY-LAPTOP]
0 seconds for "Migración de data - License validity" @ 2016-04-28 20:25:53 [@VGODOY-LAPTOP]
0 seconds for "Change of the database layout - glpi_softwarelicenses" @ 2016-04-28 20:25:53 [@VGODOY-LAPTOP]
0 seconds for "Change of the database layout - glpi_softwares" @ 2016-04-28 20:25:53 [@VGODOY-LAPTOP]
0 seconds for "Change of the database layout - glpi_rules" @ 2016-04-28 20:25:53 [@VGODOY-LAPTOP]
0 seconds for "Migración de data - IP improvment" @ 2016-04-28 20:25:53 [@VGODOY-LAPTOP]
0 seconds for "Change of the database layout - glpi_ipaddresses" @ 2016-04-28 20:25:53 [@VGODOY-LAPTOP]
0 seconds for "Migración de data - glpi_displaypreferences" @ 2016-04-28 20:25:53 [@VGODOY-LAPTOP]
0 seconds for "Migración de data - glpi_displaypreferences" @ 2016-04-28 20:25:53 [@VGODOY-LAPTOP]
0 seconds for "Change of the database layout - glpi_itilcategories" @ 2016-04-28 20:25:53 [@VGODOY-LAPTOP]
0 seconds for "Change of the database layout - glpi_profiles" @ 2016-04-28 20:25:53 [@VGODOY-LAPTOP]
0 seconds for "Change of the database layout - glpi_users" @ 2016-04-28 20:25:53 [@VGODOY-LAPTOP]
0 seconds for "Change of the database layout - glpi_authldaps" @ 2016-04-28 20:25:53 [@VGODOY-LAPTOP]
0 seconds for "Change of the database layout - glpi_links" @ 2016-04-28 20:25:53 [@VGODOY-LAPTOP]
0 seconds for "Change of the database layout - glpi_knowbaseitems" @ 2016-04-28 20:25:53 [@VGODOY-LAPTOP]
0 seconds for "Change of the database layout - glpi_tickets" @ 2016-04-28 20:25:53 [@VGODOY-LAPTOP]
0 seconds for "Change of the database layout - glpi_tickettasks" @ 2016-04-28 20:25:53 [@VGODOY-LAPTOP]
0 seconds for "Change of the database layout - glpi_queuedmails" @ 2016-04-28 20:25:53 [@VGODOY-LAPTOP]
0 seconds for "Change of the database layout - glpi_softwarecategories" @ 2016-04-28 20:25:53 [@VGODOY-LAPTOP]
0 seconds for "Change of the database layout - glpi_projects" @ 2016-04-28 20:25:53 [@VGODOY-LAPTOP]
0 seconds for "Change of the database layout - glpi_groups" @ 2016-04-28 20:25:53 [@VGODOY-LAPTOP]
0 seconds for "Change of the database layout - glpi_budgets" @ 2016-04-28 20:25:53 [@VGODOY-LAPTOP]
0 seconds for "Change of the database layout - glpi_cartridgeitems" @ 2016-04-28 20:25:53 [@VGODOY-LAPTOP]
0 seconds for "Change of the database layout - glpi_changes" @ 2016-04-28 20:25:53 [@VGODOY-LAPTOP]
0 seconds for "Change of the database layout - glpi_computers" @ 2016-04-28 20:25:53 [@VGODOY-LAPTOP]
0 seconds for "Change of the database layout - glpi_consumableitems" @ 2016-04-28 20:25:53 [@VGODOY-LAPTOP]
0 seconds for "Change of the database layout - glpi_contacts" @ 2016-04-28 20:25:53 [@VGODOY-LAPTOP]
0 seconds for "Change of the database layout - glpi_contracts" @ 2016-04-28 20:25:53 [@VGODOY-LAPTOP]
0 seconds for "Change of the database layout - glpi_documents" @ 2016-04-28 20:25:53 [@VGODOY-LAPTOP]
0 seconds for "Change of the database layout - glpi_entities" @ 2016-04-28 20:25:53 [@VGODOY-LAPTOP]
0 seconds for "Change of the database layout - glpi_monitors" @ 2016-04-28 20:25:53 [@VGODOY-LAPTOP]
0 seconds for "Change of the database layout - glpi_networkequipments" @ 2016-04-28 20:25:53 [@VGODOY-LAPTOP]
0 seconds for "Change of the database layout - glpi_peripherals" @ 2016-04-28 20:25:53 [@VGODOY-LAPTOP]
0 seconds for "Change of the database layout - glpi_phones" @ 2016-04-28 20:25:53 [@VGODOY-LAPTOP]
0 seconds for "Change of the database layout - glpi_printers" @ 2016-04-28 20:25:53 [@VGODOY-LAPTOP]
0 seconds for "Change of the database layout - glpi_problems" @ 2016-04-28 20:25:53 [@VGODOY-LAPTOP]
0 seconds for "Change of the database layout - glpi_projecttasks" @ 2016-04-28 20:25:53 [@VGODOY-LAPTOP]
0 seconds for "Change of the database layout - glpi_suppliers" @ 2016-04-28 20:25:53 [@VGODOY-LAPTOP]
0 seconds for "Change of the database layout - glpi_ticketvalidations" @ 2016-04-28 20:25:53 [@VGODOY-LAPTOP]
0 seconds for "Change of the database layout - glpi_devicemotherboards" @ 2016-04-28 20:25:53 [@VGODOY-LAPTOP]
0 seconds for "Change of the database layout - glpi_deviceprocessors" @ 2016-04-28 20:25:53 [@VGODOY-LAPTOP]
0 seconds for "Change of the database layout - glpi_devicememories" @ 2016-04-28 20:25:53 [@VGODOY-LAPTOP]
0 seconds for "Change of the database layout - glpi_deviceharddrives" @ 2016-04-28 20:25:53 [@VGODOY-LAPTOP]
0 seconds for "Change of the database layout - glpi_devicenetworkcards" @ 2016-04-28 20:25:53 [@VGODOY-LAPTOP]
0 seconds for "Change of the database layout - glpi_devicedrives" @ 2016-04-28 20:25:53 [@VGODOY-LAPTOP]
0 seconds for "Change of the database layout - glpi_devicecontrols" @ 2016-04-28 20:25:54 [@VGODOY-LAPTOP]
1 second for "Change of the database layout - glpi_devicegraphiccards" @ 2016-04-28 20:25:54 [@VGODOY-LAPTOP]
0 seconds for "Change of the database layout - glpi_devicesoundcards" @ 2016-04-28 20:25:54 [@VGODOY-LAPTOP]
0 seconds for "Change of the database layout - glpi_devicepcis" @ 2016-04-28 20:25:54 [@VGODOY-LAPTOP]
0 seconds for "Change of the database layout - glpi_devicecases" @ 2016-04-28 20:25:54 [@VGODOY-LAPTOP]
0 seconds for "Change of the database layout - glpi_devicepowersupplies" @ 2016-04-28 20:25:54 [@VGODOY-LAPTOP]
0 seconds for "Change of the database layout - glpi_items_devicecases" @ 2016-04-28 20:25:54 [@VGODOY-LAPTOP]
0 seconds for "Change of the database layout - glpi_items_devicecontrols" @ 2016-04-28 20:25:54 [@VGODOY-LAPTOP]
0 seconds for "Change of the database layout - glpi_items_devicedrives" @ 2016-04-28 20:25:54 [@VGODOY-LAPTOP]
0 seconds for "Change of the database layout - glpi_items_devicegraphiccards" @ 2016-04-28 20:25:54 [@VGODOY-LAPTOP]
0 seconds for "Change of the database layout - glpi_items_deviceharddrives" @ 2016-04-28 20:25:54 [@VGODOY-LAPTOP]
0 seconds for "Change of the database layout - glpi_items_devicememories" @ 2016-04-28 20:25:54 [@VGODOY-LAPTOP]
0 seconds for "Change of the database layout - glpi_items_devicemotherboards" @ 2016-04-28 20:25:54 [@VGODOY-LAPTOP]
0 seconds for "Change of the database layout - glpi_items_devicenetworkcards" @ 2016-04-28 20:25:54 [@VGODOY-LAPTOP]
0 seconds for "Change of the database layout - glpi_items_devicepcis" @ 2016-04-28 20:25:54 [@VGODOY-LAPTOP]
0 seconds for "Change of the database layout - glpi_items_devicepowersupplies" @ 2016-04-28 20:25:54 [@VGODOY-LAPTOP]
0 seconds for "Change of the database layout - glpi_items_deviceprocessors" @ 2016-04-28 20:25:54 [@VGODOY-LAPTOP]
0 seconds for "Change of the database layout - glpi_items_devicesoundcards" @ 2016-04-28 20:25:54 [@VGODOY-LAPTOP]
0 seconds for "Change of the database layout - glpi_suppliers_tickets" @ 2016-04-28 20:25:54 [@VGODOY-LAPTOP]
0 seconds for "Change of the database layout - glpi_problems_suppliers" @ 2016-04-28 20:25:54 [@VGODOY-LAPTOP]
0 seconds for "Change of the database layout - glpi_changes_suppliers" @ 2016-04-28 20:25:54 [@VGODOY-LAPTOP]
0 seconds for "Change of the database layout - glpi_locations" @ 2016-04-28 20:25:54 [@VGODOY-LAPTOP]
0 seconds for "Change of the database layout - glpi_computervirtualmachines" @ 2016-04-28 20:25:54 [@VGODOY-LAPTOP]
0 seconds for "Change of the database layout - glpi_ipaddresses" @ 2016-04-28 20:25:54 [@VGODOY-LAPTOP]
0 seconds for "Proceso terminado" @ 2016-05-02 17:16:20 [@VGODOY-LAPTOP]
0 seconds for "Migración de data - config table" @ 2016-05-02 17:16:20 [@VGODOY-LAPTOP]
0 seconds for "Change of the database layout - glpi_configs" @ 2016-05-02 17:16:20 [@VGODOY-LAPTOP]
0 seconds for "Change of the database layout - glpi_configs" @ 2016-05-02 17:16:20 [@VGODOY-LAPTOP]
0 seconds for "Change of the database layout - glpi_configs" @ 2016-05-02 17:16:21 [@VGODOY-LAPTOP]
1 second for "Change of the database layout - glpi_configs" @ 2016-05-02 17:16:21 [@VGODOY-LAPTOP]
0 seconds for "Change of the database layout - glpi_configs" @ 2016-05-02 17:16:21 [@VGODOY-LAPTOP]
0 seconds for "Change of the database layout - glpi_configs" @ 2016-05-02 17:16:22 [@VGODOY-LAPTOP]
1 second for "Migración de data - profile table" @ 2016-05-02 17:16:23 [@VGODOY-LAPTOP]
1 second for "Change of the database layout - glpi_profiles" @ 2016-05-02 17:16:23 [@VGODOY-LAPTOP]
0 seconds for "Update for mailqueue" @ 2016-05-02 17:16:23 [@VGODOY-LAPTOP]
0 seconds for "Change of the database layout - glpi_entities" @ 2016-05-02 17:16:23 [@VGODOY-LAPTOP]
0 seconds for "Change of the database layout - Change" @ 2016-05-02 17:16:23 [@VGODOY-LAPTOP]
0 seconds for "Migración de data - drop rules cache" @ 2016-05-02 17:16:23 [@VGODOY-LAPTOP]
0 seconds for "Migración de data - glpi_rules" @ 2016-05-02 17:16:23 [@VGODOY-LAPTOP]
0 seconds for "Change of the database layout - glpi_rules" @ 2016-05-02 17:16:23 [@VGODOY-LAPTOP]
0 seconds for "Change of the database layout - glpi_slalevels" @ 2016-05-02 17:16:23 [@VGODOY-LAPTOP]
0 seconds for "Migración de data - glpi_knowbaseitemtranslations" @ 2016-05-02 17:16:25 [@VGODOY-LAPTOP]
2 seconds for "Migración de data - glpi_dropdowntranslations" @ 2016-05-02 17:16:25 [@VGODOY-LAPTOP]
0 seconds for "Migración de data - glpi_states" @ 2016-05-02 17:16:25 [@VGODOY-LAPTOP]
0 seconds for "Change of the database layout - glpi_domains" @ 2016-05-02 17:16:25 [@VGODOY-LAPTOP]
0 seconds for "Change of the database layout - glpi_states" @ 2016-05-02 17:16:25 [@VGODOY-LAPTOP]
0 seconds for "Migración de data - glpi_slas" @ 2016-05-02 17:16:25 [@VGODOY-LAPTOP]
0 seconds for "Change of the database layout - glpi_slas" @ 2016-05-02 17:16:25 [@VGODOY-LAPTOP]
0 seconds for "Migración de data - glpi_documents" @ 2016-05-02 17:16:25 [@VGODOY-LAPTOP]
0 seconds for "Change of the database layout - glpi_documents" @ 2016-05-02 17:16:25 [@VGODOY-LAPTOP]
0 seconds for "Migración de data - glpi_softwarecategories" @ 2016-05-02 17:16:25 [@VGODOY-LAPTOP]
0 seconds for "Change of the database layout - glpi_softwarecategories" @ 2016-05-02 17:16:25 [@VGODOY-LAPTOP]
0 seconds for "Change of the database layout - various" @ 2016-05-02 17:16:25 [@VGODOY-LAPTOP]
0 seconds for "Change of the database layout - glpi_consumableitems" @ 2016-05-02 17:16:26 [@VGODOY-LAPTOP]
1 second for "Change of the database layout - glpi_cartridgeitems" @ 2016-05-02 17:16:26 [@VGODOY-LAPTOP]
0 seconds for "Migración de data - glpi_projects" @ 2016-05-02 17:16:26 [@VGODOY-LAPTOP]
0 seconds for "Change of the database layout - glpi_groups" @ 2016-05-02 17:16:26 [@VGODOY-LAPTOP]
0 seconds for "Migración de data - notepad" @ 2016-05-02 17:16:26 [@VGODOY-LAPTOP]
0 seconds for "Migración de data - ticketvalidations status" @ 2016-05-02 17:16:26 [@VGODOY-LAPTOP]
0 seconds for "Migración de data - tickets and changes global_validation" @ 2016-05-02 17:16:26 [@VGODOY-LAPTOP]
0 seconds for "Migración de data - tickettemplatepredefinedfields value" @ 2016-05-02 17:16:27 [@VGODOY-LAPTOP]
0 seconds for "Migración de data - Devices" @ 2016-05-02 17:16:27 [@VGODOY-LAPTOP]
0 seconds for "Change of the database layout - glpi_devicemotherboards" @ 2016-05-02 17:16:27 [@VGODOY-LAPTOP]
0 seconds for "Change of the database layout - glpi_deviceprocessors" @ 2016-05-02 17:16:27 [@VGODOY-LAPTOP]
0 seconds for "Change of the database layout - glpi_devicememories" @ 2016-05-02 17:16:27 [@VGODOY-LAPTOP]
0 seconds for "Change of the database layout - glpi_deviceharddrives" @ 2016-05-02 17:16:27 [@VGODOY-LAPTOP]
0 seconds for "Change of the database layout - glpi_devicenetworkcards" @ 2016-05-02 17:16:27 [@VGODOY-LAPTOP]
0 seconds for "Change of the database layout - glpi_devicedrives" @ 2016-05-02 17:16:27 [@VGODOY-LAPTOP]
0 seconds for "Change of the database layout - glpi_devicecontrols" @ 2016-05-02 17:16:27 [@VGODOY-LAPTOP]
0 seconds for "Change of the database layout - glpi_devicegraphiccards" @ 2016-05-02 17:16:27 [@VGODOY-LAPTOP]
0 seconds for "Change of the database layout - glpi_devicesoundcards" @ 2016-05-02 17:16:28 [@VGODOY-LAPTOP]
1 second for "Change of the database layout - glpi_devicepcis" @ 2016-05-02 17:16:28 [@VGODOY-LAPTOP]
0 seconds for "Change of the database layout - glpi_devicecases" @ 2016-05-02 17:16:28 [@VGODOY-LAPTOP]
0 seconds for "Change of the database layout - glpi_devicepowersupplies" @ 2016-05-02 17:16:28 [@VGODOY-LAPTOP]
0 seconds for "Change of the database layout - glpi_items_devicemotherboards" @ 2016-05-02 17:16:28 [@VGODOY-LAPTOP]
0 seconds for "Change of the database layout - glpi_items_deviceprocessors" @ 2016-05-02 17:16:28 [@VGODOY-LAPTOP]
0 seconds for "Change of the database layout - glpi_items_devicememories" @ 2016-05-02 17:16:28 [@VGODOY-LAPTOP]
0 seconds for "Change of the database layout - glpi_items_deviceharddrives" @ 2016-05-02 17:16:28 [@VGODOY-LAPTOP]
0 seconds for "Change of the database layout - glpi_items_devicenetworkcards" @ 2016-05-02 17:16:28 [@VGODOY-LAPTOP]
0 seconds for "Change of the database layout - glpi_items_devicedrives" @ 2016-05-02 17:16:28 [@VGODOY-LAPTOP]
0 seconds for "Change of the database layout - glpi_items_devicecontrols" @ 2016-05-02 17:16:28 [@VGODOY-LAPTOP]
0 seconds for "Change of the database layout - glpi_items_devicegraphiccards" @ 2016-05-02 17:16:28 [@VGODOY-LAPTOP]
0 seconds for "Change of the database layout - glpi_items_devicesoundcards" @ 2016-05-02 17:16:28 [@VGODOY-LAPTOP]
0 seconds for "Change of the database layout - glpi_items_devicepcis" @ 2016-05-02 17:16:28 [@VGODOY-LAPTOP]
0 seconds for "Change of the database layout - glpi_items_devicecases" @ 2016-05-02 17:16:28 [@VGODOY-LAPTOP]
0 seconds for "Change of the database layout - glpi_items_devicepowersupplies" @ 2016-05-02 17:16:29 [@VGODOY-LAPTOP]
1 second for "Change of the database layout - glpi_items_devicecases" @ 2016-05-02 17:16:29 [@VGODOY-LAPTOP]
0 seconds for "Change of the database layout - glpi_items_devicecontrols" @ 2016-05-02 17:16:29 [@VGODOY-LAPTOP]
0 seconds for "Change of the database layout - glpi_items_devicedrives" @ 2016-05-02 17:16:29 [@VGODOY-LAPTOP]
0 seconds for "Change of the database layout - glpi_items_devicegraphiccards" @ 2016-05-02 17:16:29 [@VGODOY-LAPTOP]
0 seconds for "Change of the database layout - glpi_items_deviceharddrives" @ 2016-05-02 17:16:29 [@VGODOY-LAPTOP]
0 seconds for "Change of the database layout - glpi_items_devicememories" @ 2016-05-02 17:16:29 [@VGODOY-LAPTOP]
0 seconds for "Change of the database layout - glpi_items_devicemotherboards" @ 2016-05-02 17:16:29 [@VGODOY-LAPTOP]
0 seconds for "Change of the database layout - glpi_items_devicenetworkcards" @ 2016-05-02 17:16:29 [@VGODOY-LAPTOP]
0 seconds for "Change of the database layout - glpi_items_devicepcis" @ 2016-05-02 17:16:29 [@VGODOY-LAPTOP]
0 seconds for "Change of the database layout - glpi_items_devicepowersupplies" @ 2016-05-02 17:16:29 [@VGODOY-LAPTOP]
0 seconds for "Change of the database layout - glpi_items_deviceprocessors" @ 2016-05-02 17:16:29 [@VGODOY-LAPTOP]
0 seconds for "Change of the database layout - glpi_items_devicesoundcards" @ 2016-05-02 17:16:29 [@VGODOY-LAPTOP]
0 seconds for "Migración de data - License validity" @ 2016-05-02 17:16:29 [@VGODOY-LAPTOP]
0 seconds for "Change of the database layout - glpi_softwarelicenses" @ 2016-05-02 17:16:29 [@VGODOY-LAPTOP]
0 seconds for "Change of the database layout - glpi_softwares" @ 2016-05-02 17:16:29 [@VGODOY-LAPTOP]
0 seconds for "Change of the database layout - glpi_rules" @ 2016-05-02 17:16:29 [@VGODOY-LAPTOP]
0 seconds for "Migración de data - IP improvment" @ 2016-05-02 17:16:29 [@VGODOY-LAPTOP]
0 seconds for "Change of the database layout - glpi_ipaddresses" @ 2016-05-02 17:16:29 [@VGODOY-LAPTOP]
0 seconds for "Migración de data - glpi_displaypreferences" @ 2016-05-02 17:16:29 [@VGODOY-LAPTOP]
0 seconds for "Migración de data - glpi_displaypreferences" @ 2016-05-02 17:16:29 [@VGODOY-LAPTOP]
0 seconds for "Change of the database layout - glpi_itilcategories" @ 2016-05-02 17:16:30 [@VGODOY-LAPTOP]
1 second for "Change of the database layout - glpi_profiles" @ 2016-05-02 17:16:30 [@VGODOY-LAPTOP]
0 seconds for "Change of the database layout - glpi_users" @ 2016-05-02 17:16:30 [@VGODOY-LAPTOP]
0 seconds for "Change of the database layout - glpi_authldaps" @ 2016-05-02 17:16:30 [@VGODOY-LAPTOP]
0 seconds for "Change of the database layout - glpi_links" @ 2016-05-02 17:16:30 [@VGODOY-LAPTOP]
0 seconds for "Change of the database layout - glpi_knowbaseitems" @ 2016-05-02 17:16:30 [@VGODOY-LAPTOP]
0 seconds for "Change of the database layout - glpi_tickets" @ 2016-05-02 17:16:30 [@VGODOY-LAPTOP]
0 seconds for "Change of the database layout - glpi_tickettasks" @ 2016-05-02 17:16:30 [@VGODOY-LAPTOP]
0 seconds for "Change of the database layout - glpi_queuedmails" @ 2016-05-02 17:16:30 [@VGODOY-LAPTOP]
0 seconds for "Change of the database layout - glpi_softwarecategories" @ 2016-05-02 17:16:30 [@VGODOY-LAPTOP]
0 seconds for "Change of the database layout - glpi_projects" @ 2016-05-02 17:16:30 [@VGODOY-LAPTOP]
0 seconds for "Change of the database layout - glpi_groups" @ 2016-05-02 17:16:30 [@VGODOY-LAPTOP]
0 seconds for "Change of the database layout - glpi_budgets" @ 2016-05-02 17:16:30 [@VGODOY-LAPTOP]
0 seconds for "Change of the database layout - glpi_cartridgeitems" @ 2016-05-02 17:16:30 [@VGODOY-LAPTOP]
0 seconds for "Change of the database layout - glpi_changes" @ 2016-05-02 17:16:30 [@VGODOY-LAPTOP]
0 seconds for "Change of the database layout - glpi_computers" @ 2016-05-02 17:16:30 [@VGODOY-LAPTOP]
0 seconds for "Change of the database layout - glpi_consumableitems" @ 2016-05-02 17:16:30 [@VGODOY-LAPTOP]
0 seconds for "Change of the database layout - glpi_contacts" @ 2016-05-02 17:16:30 [@VGODOY-LAPTOP]
0 seconds for "Change of the database layout - glpi_contracts" @ 2016-05-02 17:16:30 [@VGODOY-LAPTOP]
0 seconds for "Change of the database layout - glpi_documents" @ 2016-05-02 17:16:30 [@VGODOY-LAPTOP]
0 seconds for "Change of the database layout - glpi_entities" @ 2016-05-02 17:16:30 [@VGODOY-LAPTOP]
0 seconds for "Change of the database layout - glpi_monitors" @ 2016-05-02 17:16:30 [@VGODOY-LAPTOP]
0 seconds for "Change of the database layout - glpi_networkequipments" @ 2016-05-02 17:16:30 [@VGODOY-LAPTOP]
0 seconds for "Change of the database layout - glpi_peripherals" @ 2016-05-02 17:16:30 [@VGODOY-LAPTOP]
0 seconds for "Change of the database layout - glpi_phones" @ 2016-05-02 17:16:30 [@VGODOY-LAPTOP]
0 seconds for "Change of the database layout - glpi_printers" @ 2016-05-02 17:16:30 [@VGODOY-LAPTOP]
0 seconds for "Change of the database layout - glpi_problems" @ 2016-05-02 17:16:30 [@VGODOY-LAPTOP]
0 seconds for "Change of the database layout - glpi_projecttasks" @ 2016-05-02 17:16:30 [@VGODOY-LAPTOP]
0 seconds for "Change of the database layout - glpi_suppliers" @ 2016-05-02 17:16:30 [@VGODOY-LAPTOP]
0 seconds for "Change of the database layout - glpi_ticketvalidations" @ 2016-05-02 17:16:30 [@VGODOY-LAPTOP]
0 seconds for "Change of the database layout - glpi_devicemotherboards" @ 2016-05-02 17:16:30 [@VGODOY-LAPTOP]
0 seconds for "Change of the database layout - glpi_deviceprocessors" @ 2016-05-02 17:16:30 [@VGODOY-LAPTOP]
0 seconds for "Change of the database layout - glpi_devicememories" @ 2016-05-02 17:16:30 [@VGODOY-LAPTOP]
0 seconds for "Change of the database layout - glpi_deviceharddrives" @ 2016-05-02 17:16:30 [@VGODOY-LAPTOP]
0 seconds for "Change of the database layout - glpi_devicenetworkcards" @ 2016-05-02 17:16:30 [@VGODOY-LAPTOP]
0 seconds for "Change of the database layout - glpi_devicedrives" @ 2016-05-02 17:16:30 [@VGODOY-LAPTOP]
0 seconds for "Change of the database layout - glpi_devicecontrols" @ 2016-05-02 17:16:30 [@VGODOY-LAPTOP]
0 seconds for "Change of the database layout - glpi_devicegraphiccards" @ 2016-05-02 17:16:30 [@VGODOY-LAPTOP]
0 seconds for "Change of the database layout - glpi_devicesoundcards" @ 2016-05-02 17:16:30 [@VGODOY-LAPTOP]
0 seconds for "Change of the database layout - glpi_devicepcis" @ 2016-05-02 17:16:30 [@VGODOY-LAPTOP]
0 seconds for "Change of the database layout - glpi_devicecases" @ 2016-05-02 17:16:30 [@VGODOY-LAPTOP]
0 seconds for "Change of the database layout - glpi_devicepowersupplies" @ 2016-05-02 17:16:31 [@VGODOY-LAPTOP]
1 second for "Change of the database layout - glpi_items_devicecases" @ 2016-05-02 17:16:31 [@VGODOY-LAPTOP]
0 seconds for "Change of the database layout - glpi_items_devicecontrols" @ 2016-05-02 17:16:31 [@VGODOY-LAPTOP]
0 seconds for "Change of the database layout - glpi_items_devicedrives" @ 2016-05-02 17:16:31 [@VGODOY-LAPTOP]
0 seconds for "Change of the database layout - glpi_items_devicegraphiccards" @ 2016-05-02 17:16:31 [@VGODOY-LAPTOP]
0 seconds for "Change of the database layout - glpi_items_deviceharddrives" @ 2016-05-02 17:16:31 [@VGODOY-LAPTOP]
0 seconds for "Change of the database layout - glpi_items_devicememories" @ 2016-05-02 17:16:31 [@VGODOY-LAPTOP]
0 seconds for "Change of the database layout - glpi_items_devicemotherboards" @ 2016-05-02 17:16:31 [@VGODOY-LAPTOP]
0 seconds for "Change of the database layout - glpi_items_devicenetworkcards" @ 2016-05-02 17:16:31 [@VGODOY-LAPTOP]
0 seconds for "Change of the database layout - glpi_items_devicepcis" @ 2016-05-02 17:16:31 [@VGODOY-LAPTOP]
0 seconds for "Change of the database layout - glpi_items_devicepowersupplies" @ 2016-05-02 17:16:31 [@VGODOY-LAPTOP]
0 seconds for "Change of the database layout - glpi_items_deviceprocessors" @ 2016-05-02 17:16:31 [@VGODOY-LAPTOP]
0 seconds for "Change of the database layout - glpi_items_devicesoundcards" @ 2016-05-02 17:16:31 [@VGODOY-LAPTOP]
0 seconds for "Change of the database layout - glpi_suppliers_tickets" @ 2016-05-02 17:16:31 [@VGODOY-LAPTOP]
0 seconds for "Change of the database layout - glpi_problems_suppliers" @ 2016-05-02 17:16:31 [@VGODOY-LAPTOP]
0 seconds for "Change of the database layout - glpi_changes_suppliers" @ 2016-05-02 17:16:31 [@VGODOY-LAPTOP]
0 seconds for "Change of the database layout - glpi_locations" @ 2016-05-02 17:16:31 [@VGODOY-LAPTOP]
0 seconds for "Change of the database layout - glpi_computervirtualmachines" @ 2016-05-02 17:16:31 [@VGODOY-LAPTOP]
0 seconds for "Change of the database layout - glpi_ipaddresses" @ 2016-05-02 17:16:31 [@VGODOY-LAPTOP]
0 seconds for "Proceso terminado" @ 